2022-01-05 19:17:58,068 [Worker-4: Loading available Gradle versions] INFO  o.e.b.c.i.u.g.PublishedGradleVersions - Gradle version information cache is up-to-date. Trying to read.
2022-01-05 19:19:07,991 [Worker-3: Loading available Gradle versions] INFO  o.e.b.c.i.u.g.PublishedGradleVersions - Gradle version information cache is up-to-date. Trying to read.
2022-01-05 19:24:26,125 [Worker-8: Repository registry initialization] ERROR o.e.m.c.internal.embedder.MavenImpl - Could not read settings.xml, assuming default values
org.apache.maven.settings.building.SettingsBuildingException: 1 problem was encountered while building the effective settings
[FATAL] Non-readable settings C:\Users\sc264\.m2\settings.xml: C:\Users\sc264\.m2\settings.xml (액세스가 거부되었습니다) @ C:\Users\sc264\.m2\settings.xml

	at org.apache.maven.settings.building.DefaultSettingsBuilder.build(DefaultSettingsBuilder.java:129)
	at org.eclipse.m2e.core.internal.embedder.MavenImpl.getSettings(MavenImpl.java:465)
	at org.eclipse.m2e.core.internal.embedder.MavenImpl.getSettings(MavenImpl.java:434)
	at org.eclipse.m2e.core.internal.repository.RepositoryRegistry.updateRegistry(RepositoryRegistry.java:225)
	at org.eclipse.m2e.core.internal.repository.RepositoryRegistryUpdateJob.run(RepositoryRegistryUpdateJob.java:49)
	at org.eclipse.core.internal.jobs.Worker.run(Worker.java:63)
2022-01-05 19:24:33,184 [Worker-5: Updating Maven Dependencies] INFO  o.e.m.c.i.l.LifecycleMappingFactory - Using org.maven.ide.eclipse.wtp.WarLifecycleMapping lifecycle mapping for MavenProject: com.example:spring01:1.0.0-BUILD-SNAPSHOT @ D:\spring_program\springProgram\pom.xml.
2022-01-05 19:24:39,880 [Worker-14: Building workspace] INFO  o.e.m.c.i.l.LifecycleMappingFactory - Using org.maven.ide.eclipse.wtp.WarLifecycleMapping lifecycle mapping for MavenProject: com.example:spring01:1.0.0-BUILD-SNAPSHOT @ D:\spring_program\springProgram\pom.xml.
2022-01-05 19:24:47,988 [Worker-14: Building workspace] WARN  o.e.m.c.i.embedder.EclipseLogger - Using platform encoding (utf-8 actually) to copy filtered resources, i.e. build is platform dependent!
2022-01-05 19:24:48,007 [Worker-14: Building workspace] INFO  o.e.m.c.i.embedder.EclipseLogger - Copying 1 resource
2022-01-05 19:24:48,025 [Worker-14: Building workspace] WARN  o.e.m.c.i.embedder.EclipseLogger - Using platform encoding (utf-8 actually) to copy filtered resources, i.e. build is platform dependent!
2022-01-05 19:24:48,027 [Worker-14: Building workspace] INFO  o.e.m.c.i.embedder.EclipseLogger - Copying 1 resource
2022-01-05 19:24:51,361 [Worker-16: Updating Maven Dependencies] INFO  o.e.m.c.i.l.LifecycleMappingFactory - Using org.maven.ide.eclipse.wtp.WarLifecycleMapping lifecycle mapping for MavenProject: com.example:spring01:1.0.0-BUILD-SNAPSHOT @ D:\spring_program\springProgram\pom.xml.
2022-01-05 19:24:54,775 [Worker-1: Building] WARN  o.e.m.c.i.embedder.EclipseLogger - Using platform encoding (utf-8 actually) to copy filtered resources, i.e. build is platform dependent!
2022-01-05 19:24:54,788 [Worker-1: Building] INFO  o.e.m.c.i.embedder.EclipseLogger - Copying 1 resource
2022-01-05 19:24:54,802 [Worker-1: Building] WARN  o.e.m.c.i.embedder.EclipseLogger - Using platform encoding (utf-8 actually) to copy filtered resources, i.e. build is platform dependent!
2022-01-05 19:24:54,808 [Worker-1: Building] INFO  o.e.m.c.i.embedder.EclipseLogger - Copying 1 resource
2022-01-05 19:28:41,094 [Worker-17: Building] INFO  o.e.m.c.i.l.LifecycleMappingFactory - Using org.maven.ide.eclipse.wtp.WarLifecycleMapping lifecycle mapping for MavenProject: com.example:spring01:1.0.0-BUILD-SNAPSHOT @ D:\spring_program\springProgram\pom.xml.
2022-01-05 19:28:42,788 [Worker-17: Building] INFO  o.e.m.c.i.e.AbstractTransferListenerAdapter - Downloading https://repo.maven.apache.org/maven2/org/springframework/spring-webmvc/5.2.18.RELEASE/spring-webmvc-5.2.18.RELEASE.pom
2022-01-05 19:28:43,173 [Worker-17: Building] INFO  o.e.m.c.i.e.AbstractTransferListenerAdapter - Downloaded https://repo.maven.apache.org/maven2/org/springframework/spring-webmvc/5.2.18.RELEASE/spring-webmvc-5.2.18.RELEASE.pom
2022-01-05 19:28:43,601 [AetherRepositoryConnector-repo.maven.apache.org-0-0] INFO  o.e.m.c.i.e.AbstractTransferListenerAdapter - Downloading https://repo.maven.apache.org/maven2/org/springframework/spring-context/5.2.18.RELEASE/spring-context-5.2.18.RELEASE.jar
2022-01-05 19:28:43,749 [AetherRepositoryConnector-repo.maven.apache.org-0-1] INFO  o.e.m.c.i.e.AbstractTransferListenerAdapter - Downloading https://repo.maven.apache.org/maven2/org/springframework/spring-webmvc/5.2.18.RELEASE/spring-webmvc-5.2.18.RELEASE.jar
2022-01-05 19:28:44,841 [AetherRepositoryConnector-repo.maven.apache.org-0-1] INFO  o.e.m.c.i.e.AbstractTransferListenerAdapter - Downloaded https://repo.maven.apache.org/maven2/org/springframework/spring-webmvc/5.2.18.RELEASE/spring-webmvc-5.2.18.RELEASE.jar
2022-01-05 19:28:45,048 [AetherRepositoryConnector-repo.maven.apache.org-0-0] INFO  o.e.m.c.i.e.AbstractTransferListenerAdapter - Downloaded https://repo.maven.apache.org/maven2/org/springframework/spring-context/5.2.18.RELEASE/spring-context-5.2.18.RELEASE.jar
2022-01-05 19:28:46,907 [Worker-17: Building] WARN  o.e.m.c.i.embedder.EclipseLogger - Using platform encoding (utf-8 actually) to copy filtered resources, i.e. build is platform dependent!
2022-01-05 19:28:46,914 [Worker-17: Building] INFO  o.e.m.c.i.embedder.EclipseLogger - Copying 0 resource
2022-01-05 19:28:46,918 [Worker-17: Building] WARN  o.e.m.c.i.embedder.EclipseLogger - Using platform encoding (utf-8 actually) to copy filtered resources, i.e. build is platform dependent!
2022-01-05 19:28:46,921 [Worker-17: Building] INFO  o.e.m.c.i.embedder.EclipseLogger - Copying 0 resource
2022-01-05 19:28:46,929 [Worker-17: Building] INFO  o.e.m.w.i.f.ResourceFilteringBuildParticipant - Changed resources require a complete clean of filtered resources of springProgram
2022-01-05 19:28:46,930 [Worker-17: Building] INFO  o.e.m.w.i.f.ResourceFilteringBuildParticipant - Executing resource filtering for springProgram
2022-01-05 19:28:46,940 [Worker-17: Building] WARN  o.e.m.c.i.embedder.EclipseLogger - Using platform encoding (utf-8 actually) to copy filtered resources, i.e. build is platform dependent!
2022-01-05 19:28:49,155 [Worker-14: Building] WARN  o.e.m.c.i.embedder.EclipseLogger - Using platform encoding (utf-8 actually) to copy filtered resources, i.e. build is platform dependent!
2022-01-05 19:28:49,206 [Worker-14: Building] INFO  o.e.m.c.i.embedder.EclipseLogger - Copying 1 resource
2022-01-05 19:28:49,229 [Worker-17: Download sources and javadoc] INFO  o.e.m.c.i.e.AbstractTransferListenerAdapter - Downloading https://repo.maven.apache.org/maven2/org/springframework/spring-context/5.2.18.RELEASE/spring-context-5.2.18.RELEASE-sources.jar
2022-01-05 19:28:49,258 [Worker-14: Building] WARN  o.e.m.c.i.embedder.EclipseLogger - Using platform encoding (utf-8 actually) to copy filtered resources, i.e. build is platform dependent!
2022-01-05 19:28:49,320 [Worker-14: Building] INFO  o.e.m.c.i.embedder.EclipseLogger - Copying 1 resource
2022-01-05 19:28:50,382 [Worker-17: Download sources and javadoc] INFO  o.e.m.c.i.e.AbstractTransferListenerAdapter - Downloaded https://repo.maven.apache.org/maven2/org/springframework/spring-context/5.2.18.RELEASE/spring-context-5.2.18.RELEASE-sources.jar
2022-01-05 19:28:50,484 [Worker-17: Download sources and javadoc] INFO  o.e.m.j.internal.DownloadSourcesJob - Downloaded sources for org.springframework:spring-context:5.2.18.RELEASE
2022-01-05 19:28:51,381 [Worker-17: Download sources and javadoc] INFO  o.e.m.c.i.e.AbstractTransferListenerAdapter - Downloading https://repo.maven.apache.org/maven2/org/springframework/spring-webmvc/5.2.18.RELEASE/spring-webmvc-5.2.18.RELEASE-sources.jar
2022-01-05 19:28:52,698 [Worker-17: Download sources and javadoc] INFO  o.e.m.c.i.e.AbstractTransferListenerAdapter - Downloaded https://repo.maven.apache.org/maven2/org/springframework/spring-webmvc/5.2.18.RELEASE/spring-webmvc-5.2.18.RELEASE-sources.jar
2022-01-05 19:28:52,877 [Worker-17: Download sources and javadoc] INFO  o.e.m.j.internal.DownloadSourcesJob - Downloaded sources for org.springframework:spring-webmvc:5.2.18.RELEASE
2022-01-05 19:28:53,195 [Worker-19: Building] WARN  o.e.m.c.i.embedder.EclipseLogger - Using platform encoding (utf-8 actually) to copy filtered resources, i.e. build is platform dependent!
2022-01-05 19:28:53,197 [Worker-19: Building] INFO  o.e.m.c.i.embedder.EclipseLogger - Copying 0 resource
2022-01-05 19:28:53,199 [Worker-19: Building] WARN  o.e.m.c.i.embedder.EclipseLogger - Using platform encoding (utf-8 actually) to copy filtered resources, i.e. build is platform dependent!
2022-01-05 19:28:53,203 [Worker-19: Building] INFO  o.e.m.c.i.embedder.EclipseLogger - Copying 0 resource
2022-01-05 19:29:48,781 [Worker-15: Building] WARN  o.e.m.c.i.embedder.EclipseLogger - Using platform encoding (utf-8 actually) to copy filtered resources, i.e. build is platform dependent!
2022-01-05 19:29:48,836 [Worker-15: Building] INFO  o.e.m.c.i.embedder.EclipseLogger - Copying 1 resource
2022-01-05 19:29:48,853 [Worker-15: Building] WARN  o.e.m.c.i.embedder.EclipseLogger - Using platform encoding (utf-8 actually) to copy filtered resources, i.e. build is platform dependent!
2022-01-05 19:29:48,878 [Worker-15: Building] INFO  o.e.m.c.i.embedder.EclipseLogger - Copying 1 resource
2022-01-05 20:41:24,485 [Worker-28: Building] WARN  o.e.m.c.i.embedder.EclipseLogger - Using platform encoding (utf-8 actually) to copy filtered resources, i.e. build is platform dependent!
2022-01-05 20:41:24,489 [Worker-28: Building] INFO  o.e.m.c.i.embedder.EclipseLogger - Copying 0 resource
2022-01-05 20:41:24,493 [Worker-28: Building] WARN  o.e.m.c.i.embedder.EclipseLogger - Using platform encoding (utf-8 actually) to copy filtered resources, i.e. build is platform dependent!
2022-01-05 20:41:24,495 [Worker-28: Building] INFO  o.e.m.c.i.embedder.EclipseLogger - Copying 0 resource
2022-01-05 20:41:56,979 [Worker-21: Building] WARN  o.e.m.c.i.embedder.EclipseLogger - Using platform encoding (utf-8 actually) to copy filtered resources, i.e. build is platform dependent!
2022-01-05 20:41:56,988 [Worker-21: Building] INFO  o.e.m.c.i.embedder.EclipseLogger - Copying 1 resource
2022-01-05 20:41:56,992 [Worker-21: Building] WARN  o.e.m.c.i.embedder.EclipseLogger - Using platform encoding (utf-8 actually) to copy filtered resources, i.e. build is platform dependent!
2022-01-05 20:41:56,997 [Worker-21: Building] INFO  o.e.m.c.i.embedder.EclipseLogger - Copying 0 resource
2022-01-05 20:42:43,755 [Worker-28: Building] WARN  o.e.m.c.i.embedder.EclipseLogger - Using platform encoding (utf-8 actually) to copy filtered resources, i.e. build is platform dependent!
2022-01-05 20:42:43,765 [Worker-28: Building] INFO  o.e.m.c.i.embedder.EclipseLogger - Copying 1 resource
2022-01-05 20:42:43,769 [Worker-28: Building] WARN  o.e.m.c.i.embedder.EclipseLogger - Using platform encoding (utf-8 actually) to copy filtered resources, i.e. build is platform dependent!
2022-01-05 20:42:43,772 [Worker-28: Building] INFO  o.e.m.c.i.embedder.EclipseLogger - Copying 0 resource
2022-01-05 20:44:03,397 [Worker-19: Building] WARN  o.e.m.c.i.embedder.EclipseLogger - Using platform encoding (utf-8 actually) to copy filtered resources, i.e. build is platform dependent!
2022-01-05 20:44:03,441 [Worker-19: Building] INFO  o.e.m.c.i.embedder.EclipseLogger - Copying 1 resource
2022-01-05 20:44:03,445 [Worker-19: Building] WARN  o.e.m.c.i.embedder.EclipseLogger - Using platform encoding (utf-8 actually) to copy filtered resources, i.e. build is platform dependent!
2022-01-05 20:44:03,453 [Worker-19: Building] INFO  o.e.m.c.i.embedder.EclipseLogger - Copying 0 resource
2022-01-05 20:45:17,417 [Worker-25: Building] WARN  o.e.m.c.i.embedder.EclipseLogger - Using platform encoding (utf-8 actually) to copy filtered resources, i.e. build is platform dependent!
2022-01-05 20:45:17,426 [Worker-25: Building] INFO  o.e.m.c.i.embedder.EclipseLogger - Copying 1 resource
2022-01-05 20:45:17,429 [Worker-25: Building] WARN  o.e.m.c.i.embedder.EclipseLogger - Using platform encoding (utf-8 actually) to copy filtered resources, i.e. build is platform dependent!
2022-01-05 20:45:17,432 [Worker-25: Building] INFO  o.e.m.c.i.embedder.EclipseLogger - Copying 0 resource
2022-01-05 20:58:57,247 [Worker-32: Building] WARN  o.e.m.c.i.embedder.EclipseLogger - Using platform encoding (utf-8 actually) to copy filtered resources, i.e. build is platform dependent!
2022-01-05 20:58:57,254 [Worker-32: Building] INFO  o.e.m.c.i.embedder.EclipseLogger - Copying 1 resource
2022-01-05 20:58:57,258 [Worker-32: Building] WARN  o.e.m.c.i.embedder.EclipseLogger - Using platform encoding (utf-8 actually) to copy filtered resources, i.e. build is platform dependent!
2022-01-05 20:58:57,260 [Worker-32: Building] INFO  o.e.m.c.i.embedder.EclipseLogger - Copying 0 resource
2022-01-05 20:59:12,711 [Worker-28: Building] WARN  o.e.m.c.i.embedder.EclipseLogger - Using platform encoding (utf-8 actually) to copy filtered resources, i.e. build is platform dependent!
2022-01-05 20:59:12,718 [Worker-28: Building] INFO  o.e.m.c.i.embedder.EclipseLogger - Copying 1 resource
2022-01-05 20:59:12,720 [Worker-28: Building] WARN  o.e.m.c.i.embedder.EclipseLogger - Using platform encoding (utf-8 actually) to copy filtered resources, i.e. build is platform dependent!
2022-01-05 20:59:12,722 [Worker-28: Building] INFO  o.e.m.c.i.embedder.EclipseLogger - Copying 0 resource
2022-01-05 20:59:17,616 [Worker-25: Building] WARN  o.e.m.c.i.embedder.EclipseLogger - Using platform encoding (utf-8 actually) to copy filtered resources, i.e. build is platform dependent!
2022-01-05 20:59:17,625 [Worker-25: Building] INFO  o.e.m.c.i.embedder.EclipseLogger - Copying 1 resource
2022-01-05 20:59:17,630 [Worker-25: Building] WARN  o.e.m.c.i.embedder.EclipseLogger - Using platform encoding (utf-8 actually) to copy filtered resources, i.e. build is platform dependent!
2022-01-05 20:59:17,632 [Worker-25: Building] INFO  o.e.m.c.i.embedder.EclipseLogger - Copying 0 resource
2022-01-05 20:59:24,170 [Worker-33: Building] WARN  o.e.m.c.i.embedder.EclipseLogger - Using platform encoding (utf-8 actually) to copy filtered resources, i.e. build is platform dependent!
2022-01-05 20:59:24,179 [Worker-33: Building] INFO  o.e.m.c.i.embedder.EclipseLogger - Copying 1 resource
2022-01-05 20:59:24,181 [Worker-33: Building] WARN  o.e.m.c.i.embedder.EclipseLogger - Using platform encoding (utf-8 actually) to copy filtered resources, i.e. build is platform dependent!
2022-01-05 20:59:24,184 [Worker-33: Building] INFO  o.e.m.c.i.embedder.EclipseLogger - Copying 0 resource
2022-01-05 21:10:40,287 [Worker-31: Building] WARN  o.e.m.c.i.embedder.EclipseLogger - Using platform encoding (utf-8 actually) to copy filtered resources, i.e. build is platform dependent!
2022-01-05 21:10:40,296 [Worker-31: Building] INFO  o.e.m.c.i.embedder.EclipseLogger - Copying 1 resource
2022-01-05 21:10:40,298 [Worker-31: Building] WARN  o.e.m.c.i.embedder.EclipseLogger - Using platform encoding (utf-8 actually) to copy filtered resources, i.e. build is platform dependent!
2022-01-05 21:10:40,300 [Worker-31: Building] INFO  o.e.m.c.i.embedder.EclipseLogger - Copying 0 resource
2022-01-05 21:10:55,057 [Worker-36: Building] WARN  o.e.m.c.i.embedder.EclipseLogger - Using platform encoding (utf-8 actually) to copy filtered resources, i.e. build is platform dependent!
2022-01-05 21:10:55,062 [Worker-36: Building] INFO  o.e.m.c.i.embedder.EclipseLogger - Copying 1 resource
2022-01-05 21:10:55,064 [Worker-36: Building] WARN  o.e.m.c.i.embedder.EclipseLogger - Using platform encoding (utf-8 actually) to copy filtered resources, i.e. build is platform dependent!
2022-01-05 21:10:55,067 [Worker-36: Building] INFO  o.e.m.c.i.embedder.EclipseLogger - Copying 0 resource
2022-01-05 21:13:35,306 [Worker-37: Building] WARN  o.e.m.c.i.embedder.EclipseLogger - Using platform encoding (utf-8 actually) to copy filtered resources, i.e. build is platform dependent!
2022-01-05 21:13:35,310 [Worker-37: Building] INFO  o.e.m.c.i.embedder.EclipseLogger - Copying 0 resource
2022-01-05 21:13:35,320 [Worker-37: Building] WARN  o.e.m.c.i.embedder.EclipseLogger - Using platform encoding (utf-8 actually) to copy filtered resources, i.e. build is platform dependent!
2022-01-05 21:13:35,333 [Worker-37: Building] INFO  o.e.m.c.i.embedder.EclipseLogger - Copying 0 resource
2022-01-05 21:13:58,197 [Worker-39: Building] WARN  o.e.m.c.i.embedder.EclipseLogger - Using platform encoding (utf-8 actually) to copy filtered resources, i.e. build is platform dependent!
2022-01-05 21:13:58,201 [Worker-39: Building] INFO  o.e.m.c.i.embedder.EclipseLogger - Copying 0 resource
2022-01-05 21:13:58,206 [Worker-39: Building] WARN  o.e.m.c.i.embedder.EclipseLogger - Using platform encoding (utf-8 actually) to copy filtered resources, i.e. build is platform dependent!
2022-01-05 21:13:58,210 [Worker-39: Building] INFO  o.e.m.c.i.embedder.EclipseLogger - Copying 0 resource
2022-01-05 21:14:28,236 [Worker-36: Building] WARN  o.e.m.c.i.embedder.EclipseLogger - Using platform encoding (utf-8 actually) to copy filtered resources, i.e. build is platform dependent!
2022-01-05 21:14:28,241 [Worker-36: Building] INFO  o.e.m.c.i.embedder.EclipseLogger - Copying 0 resource
2022-01-05 21:14:28,243 [Worker-36: Building] WARN  o.e.m.c.i.embedder.EclipseLogger - Using platform encoding (utf-8 actually) to copy filtered resources, i.e. build is platform dependent!
2022-01-05 21:14:28,247 [Worker-36: Building] INFO  o.e.m.c.i.embedder.EclipseLogger - Copying 0 resource
2022-01-05 21:15:16,693 [Worker-37: Building] WARN  o.e.m.c.i.embedder.EclipseLogger - Using platform encoding (utf-8 actually) to copy filtered resources, i.e. build is platform dependent!
2022-01-05 21:15:16,697 [Worker-37: Building] INFO  o.e.m.c.i.embedder.EclipseLogger - Copying 0 resource
2022-01-05 21:15:16,702 [Worker-37: Building] WARN  o.e.m.c.i.embedder.EclipseLogger - Using platform encoding (utf-8 actually) to copy filtered resources, i.e. build is platform dependent!
2022-01-05 21:15:16,706 [Worker-37: Building] INFO  o.e.m.c.i.embedder.EclipseLogger - Copying 0 resource
2022-01-05 21:15:59,468 [Worker-35: Building] WARN  o.e.m.c.i.embedder.EclipseLogger - Using platform encoding (utf-8 actually) to copy filtered resources, i.e. build is platform dependent!
2022-01-05 21:15:59,476 [Worker-35: Building] INFO  o.e.m.c.i.embedder.EclipseLogger - Copying 1 resource
2022-01-05 21:15:59,482 [Worker-35: Building] WARN  o.e.m.c.i.embedder.EclipseLogger - Using platform encoding (utf-8 actually) to copy filtered resources, i.e. build is platform dependent!
2022-01-05 21:15:59,485 [Worker-35: Building] INFO  o.e.m.c.i.embedder.EclipseLogger - Copying 0 resource
2022-01-05 21:16:54,535 [Worker-39: Building] WARN  o.e.m.c.i.embedder.EclipseLogger - Using platform encoding (utf-8 actually) to copy filtered resources, i.e. build is platform dependent!
2022-01-05 21:16:54,538 [Worker-39: Building] INFO  o.e.m.c.i.embedder.EclipseLogger - Copying 0 resource
2022-01-05 21:16:54,540 [Worker-39: Building] WARN  o.e.m.c.i.embedder.EclipseLogger - Using platform encoding (utf-8 actually) to copy filtered resources, i.e. build is platform dependent!
2022-01-05 21:16:54,543 [Worker-39: Building] INFO  o.e.m.c.i.embedder.EclipseLogger - Copying 0 resource
2022-01-05 21:39:46,020 [Worker-41: Building] WARN  o.e.m.c.i.embedder.EclipseLogger - Using platform encoding (utf-8 actually) to copy filtered resources, i.e. build is platform dependent!
2022-01-05 21:39:46,029 [Worker-41: Building] INFO  o.e.m.c.i.embedder.EclipseLogger - Copying 0 resource
2022-01-05 21:39:46,032 [Worker-41: Building] WARN  o.e.m.c.i.embedder.EclipseLogger - Using platform encoding (utf-8 actually) to copy filtered resources, i.e. build is platform dependent!
2022-01-05 21:39:46,039 [Worker-41: Building] INFO  o.e.m.c.i.embedder.EclipseLogger - Copying 0 resource
2022-01-05 21:42:05,957 [Worker-36: Building] WARN  o.e.m.c.i.embedder.EclipseLogger - Using platform encoding (utf-8 actually) to copy filtered resources, i.e. build is platform dependent!
2022-01-05 21:42:05,970 [Worker-36: Building] INFO  o.e.m.c.i.embedder.EclipseLogger - Copying 0 resource
2022-01-05 21:42:05,976 [Worker-36: Building] WARN  o.e.m.c.i.embedder.EclipseLogger - Using platform encoding (utf-8 actually) to copy filtered resources, i.e. build is platform dependent!
2022-01-05 21:42:05,986 [Worker-36: Building] INFO  o.e.m.c.i.embedder.EclipseLogger - Copying 0 resource
2022-01-05 21:42:25,226 [Worker-42: Building] WARN  o.e.m.c.i.embedder.EclipseLogger - Using platform encoding (utf-8 actually) to copy filtered resources, i.e. build is platform dependent!
2022-01-05 21:42:25,229 [Worker-42: Building] INFO  o.e.m.c.i.embedder.EclipseLogger - Copying 0 resource
2022-01-05 21:42:25,232 [Worker-42: Building] WARN  o.e.m.c.i.embedder.EclipseLogger - Using platform encoding (utf-8 actually) to copy filtered resources, i.e. build is platform dependent!
2022-01-05 21:42:25,235 [Worker-42: Building] INFO  o.e.m.c.i.embedder.EclipseLogger - Copying 0 resource
2022-01-05 21:42:49,720 [Worker-36: Building] WARN  o.e.m.c.i.embedder.EclipseLogger - Using platform encoding (utf-8 actually) to copy filtered resources, i.e. build is platform dependent!
2022-01-05 21:42:49,723 [Worker-36: Building] INFO  o.e.m.c.i.embedder.EclipseLogger - Copying 0 resource
2022-01-05 21:42:49,728 [Worker-36: Building] WARN  o.e.m.c.i.embedder.EclipseLogger - Using platform encoding (utf-8 actually) to copy filtered resources, i.e. build is platform dependent!
2022-01-05 21:42:49,742 [Worker-36: Building] INFO  o.e.m.c.i.embedder.EclipseLogger - Copying 0 resource
2022-01-05 21:47:46,803 [Worker-39: Building] WARN  o.e.m.c.i.embedder.EclipseLogger - Using platform encoding (utf-8 actually) to copy filtered resources, i.e. build is platform dependent!
2022-01-05 21:47:46,808 [Worker-39: Building] INFO  o.e.m.c.i.embedder.EclipseLogger - Copying 0 resource
2022-01-05 21:47:46,811 [Worker-39: Building] WARN  o.e.m.c.i.embedder.EclipseLogger - Using platform encoding (utf-8 actually) to copy filtered resources, i.e. build is platform dependent!
2022-01-05 21:47:46,816 [Worker-39: Building] INFO  o.e.m.c.i.embedder.EclipseLogger - Copying 0 resource
2022-01-05 21:48:11,564 [Worker-41: Building] WARN  o.e.m.c.i.embedder.EclipseLogger - Using platform encoding (utf-8 actually) to copy filtered resources, i.e. build is platform dependent!
2022-01-05 21:48:11,568 [Worker-41: Building] INFO  o.e.m.c.i.embedder.EclipseLogger - Copying 0 resource
2022-01-05 21:48:11,569 [Worker-41: Building] WARN  o.e.m.c.i.embedder.EclipseLogger - Using platform encoding (utf-8 actually) to copy filtered resources, i.e. build is platform dependent!
2022-01-05 21:48:11,572 [Worker-41: Building] INFO  o.e.m.c.i.embedder.EclipseLogger - Copying 0 resource
2022-01-05 21:48:47,828 [Worker-39: Building] WARN  o.e.m.c.i.embedder.EclipseLogger - Using platform encoding (utf-8 actually) to copy filtered resources, i.e. build is platform dependent!
2022-01-05 21:48:47,831 [Worker-39: Building] INFO  o.e.m.c.i.embedder.EclipseLogger - Copying 0 resource
2022-01-05 21:48:47,834 [Worker-39: Building] WARN  o.e.m.c.i.embedder.EclipseLogger - Using platform encoding (utf-8 actually) to copy filtered resources, i.e. build is platform dependent!
2022-01-05 21:48:47,836 [Worker-39: Building] INFO  o.e.m.c.i.embedder.EclipseLogger - Copying 0 resource
2022-01-05 22:30:37,749 [Worker-50: Building] WARN  o.e.m.c.i.embedder.EclipseLogger - Using platform encoding (utf-8 actually) to copy filtered resources, i.e. build is platform dependent!
2022-01-05 22:30:37,756 [Worker-50: Building] INFO  o.e.m.c.i.embedder.EclipseLogger - Copying 1 resource
2022-01-05 22:30:37,758 [Worker-50: Building] WARN  o.e.m.c.i.embedder.EclipseLogger - Using platform encoding (utf-8 actually) to copy filtered resources, i.e. build is platform dependent!
2022-01-05 22:30:37,762 [Worker-50: Building] INFO  o.e.m.c.i.embedder.EclipseLogger - Copying 0 resource
2022-01-05 22:30:40,613 [Worker-46: Building] WARN  o.e.m.c.i.embedder.EclipseLogger - Using platform encoding (utf-8 actually) to copy filtered resources, i.e. build is platform dependent!
2022-01-05 22:30:40,619 [Worker-46: Building] INFO  o.e.m.c.i.embedder.EclipseLogger - Copying 1 resource
2022-01-05 22:30:40,621 [Worker-46: Building] WARN  o.e.m.c.i.embedder.EclipseLogger - Using platform encoding (utf-8 actually) to copy filtered resources, i.e. build is platform dependent!
2022-01-05 22:30:40,623 [Worker-46: Building] INFO  o.e.m.c.i.embedder.EclipseLogger - Copying 0 resource
2022-01-05 22:30:43,256 [Worker-46: Building] WARN  o.e.m.c.i.embedder.EclipseLogger - Using platform encoding (utf-8 actually) to copy filtered resources, i.e. build is platform dependent!
2022-01-05 22:30:43,263 [Worker-46: Building] INFO  o.e.m.c.i.embedder.EclipseLogger - Copying 1 resource
2022-01-05 22:30:43,265 [Worker-46: Building] WARN  o.e.m.c.i.embedder.EclipseLogger - Using platform encoding (utf-8 actually) to copy filtered resources, i.e. build is platform dependent!
2022-01-05 22:30:43,267 [Worker-46: Building] INFO  o.e.m.c.i.embedder.EclipseLogger - Copying 0 resource
2022-01-05 22:31:04,931 [Worker-42: Building] WARN  o.e.m.c.i.embedder.EclipseLogger - Using platform encoding (utf-8 actually) to copy filtered resources, i.e. build is platform dependent!
2022-01-05 22:31:04,940 [Worker-42: Building] INFO  o.e.m.c.i.embedder.EclipseLogger - Copying 1 resource
2022-01-05 22:31:04,942 [Worker-42: Building] WARN  o.e.m.c.i.embedder.EclipseLogger - Using platform encoding (utf-8 actually) to copy filtered resources, i.e. build is platform dependent!
2022-01-05 22:31:04,945 [Worker-42: Building] INFO  o.e.m.c.i.embedder.EclipseLogger - Copying 0 resource
2022-01-05 22:31:06,028 [Worker-52: Building] WARN  o.e.m.c.i.embedder.EclipseLogger - Using platform encoding (utf-8 actually) to copy filtered resources, i.e. build is platform dependent!
2022-01-05 22:31:06,033 [Worker-52: Building] INFO  o.e.m.c.i.embedder.EclipseLogger - Copying 1 resource
2022-01-05 22:31:06,035 [Worker-52: Building] WARN  o.e.m.c.i.embedder.EclipseLogger - Using platform encoding (utf-8 actually) to copy filtered resources, i.e. build is platform dependent!
2022-01-05 22:31:06,037 [Worker-52: Building] INFO  o.e.m.c.i.embedder.EclipseLogger - Copying 0 resource
2022-01-05 22:35:26,701 [Worker-50: Building] WARN  o.e.m.c.i.embedder.EclipseLogger - Using platform encoding (utf-8 actually) to copy filtered resources, i.e. build is platform dependent!
2022-01-05 22:35:26,706 [Worker-50: Building] INFO  o.e.m.c.i.embedder.EclipseLogger - Copying 1 resource
2022-01-05 22:35:26,708 [Worker-50: Building] WARN  o.e.m.c.i.embedder.EclipseLogger - Using platform encoding (utf-8 actually) to copy filtered resources, i.e. build is platform dependent!
2022-01-05 22:35:26,709 [Worker-50: Building] INFO  o.e.m.c.i.embedder.EclipseLogger - Copying 0 resource
2022-01-05 22:35:31,586 [Worker-45: Building] WARN  o.e.m.c.i.embedder.EclipseLogger - Using platform encoding (utf-8 actually) to copy filtered resources, i.e. build is platform dependent!
2022-01-05 22:35:31,593 [Worker-45: Building] INFO  o.e.m.c.i.embedder.EclipseLogger - Copying 1 resource
2022-01-05 22:35:31,595 [Worker-45: Building] WARN  o.e.m.c.i.embedder.EclipseLogger - Using platform encoding (utf-8 actually) to copy filtered resources, i.e. build is platform dependent!
2022-01-05 22:35:31,597 [Worker-45: Building] INFO  o.e.m.c.i.embedder.EclipseLogger - Copying 0 resource
2022-01-05 22:35:34,212 [Worker-45: Building] WARN  o.e.m.c.i.embedder.EclipseLogger - Using platform encoding (utf-8 actually) to copy filtered resources, i.e. build is platform dependent!
2022-01-05 22:35:34,218 [Worker-45: Building] INFO  o.e.m.c.i.embedder.EclipseLogger - Copying 1 resource
2022-01-05 22:35:34,220 [Worker-45: Building] WARN  o.e.m.c.i.embedder.EclipseLogger - Using platform encoding (utf-8 actually) to copy filtered resources, i.e. build is platform dependent!
2022-01-05 22:35:34,223 [Worker-45: Building] INFO  o.e.m.c.i.embedder.EclipseLogger - Copying 0 resource
2022-01-05 22:36:11,802 [Worker-50: Building] WARN  o.e.m.c.i.embedder.EclipseLogger - Using platform encoding (utf-8 actually) to copy filtered resources, i.e. build is platform dependent!
2022-01-05 22:36:11,809 [Worker-50: Building] INFO  o.e.m.c.i.embedder.EclipseLogger - Copying 1 resource
2022-01-05 22:36:11,811 [Worker-50: Building] WARN  o.e.m.c.i.embedder.EclipseLogger - Using platform encoding (utf-8 actually) to copy filtered resources, i.e. build is platform dependent!
2022-01-05 22:36:11,814 [Worker-50: Building] INFO  o.e.m.c.i.embedder.EclipseLogger - Copying 0 resource
2022-01-05 22:36:21,910 [Worker-46: Building] WARN  o.e.m.c.i.embedder.EclipseLogger - Using platform encoding (utf-8 actually) to copy filtered resources, i.e. build is platform dependent!
2022-01-05 22:36:21,922 [Worker-46: Building] INFO  o.e.m.c.i.embedder.EclipseLogger - Copying 1 resource
2022-01-05 22:36:21,926 [Worker-46: Building] WARN  o.e.m.c.i.embedder.EclipseLogger - Using platform encoding (utf-8 actually) to copy filtered resources, i.e. build is platform dependent!
2022-01-05 22:36:21,930 [Worker-46: Building] INFO  o.e.m.c.i.embedder.EclipseLogger - Copying 0 resource
2022-01-05 22:36:45,341 [Worker-52: Building] WARN  o.e.m.c.i.embedder.EclipseLogger - Using platform encoding (utf-8 actually) to copy filtered resources, i.e. build is platform dependent!
2022-01-05 22:36:45,351 [Worker-52: Building] INFO  o.e.m.c.i.embedder.EclipseLogger - Copying 1 resource
2022-01-05 22:36:45,353 [Worker-52: Building] WARN  o.e.m.c.i.embedder.EclipseLogger - Using platform encoding (utf-8 actually) to copy filtered resources, i.e. build is platform dependent!
2022-01-05 22:36:45,356 [Worker-52: Building] INFO  o.e.m.c.i.embedder.EclipseLogger - Copying 0 resource
2022-01-05 22:37:39,906 [Worker-36: Building] WARN  o.e.m.c.i.embedder.EclipseLogger - Using platform encoding (utf-8 actually) to copy filtered resources, i.e. build is platform dependent!
2022-01-05 22:37:39,921 [Worker-36: Building] INFO  o.e.m.c.i.embedder.EclipseLogger - Copying 1 resource
2022-01-05 22:37:39,925 [Worker-36: Building] WARN  o.e.m.c.i.embedder.EclipseLogger - Using platform encoding (utf-8 actually) to copy filtered resources, i.e. build is platform dependent!
2022-01-05 22:37:39,931 [Worker-36: Building] INFO  o.e.m.c.i.embedder.EclipseLogger - Copying 0 resource
2022-01-05 22:37:55,913 [Worker-50: Building] WARN  o.e.m.c.i.embedder.EclipseLogger - Using platform encoding (utf-8 actually) to copy filtered resources, i.e. build is platform dependent!
2022-01-05 22:37:55,923 [Worker-50: Building] INFO  o.e.m.c.i.embedder.EclipseLogger - Copying 0 resource
2022-01-05 22:37:55,934 [Worker-50: Building] WARN  o.e.m.c.i.embedder.EclipseLogger - Using platform encoding (utf-8 actually) to copy filtered resources, i.e. build is platform dependent!
2022-01-05 22:37:55,958 [Worker-50: Building] INFO  o.e.m.c.i.embedder.EclipseLogger - Copying 0 resource
2022-01-05 22:38:18,470 [Worker-50: Building] WARN  o.e.m.c.i.embedder.EclipseLogger - Using platform encoding (utf-8 actually) to copy filtered resources, i.e. build is platform dependent!
2022-01-05 22:38:18,501 [Worker-50: Building] INFO  o.e.m.c.i.embedder.EclipseLogger - Copying 0 resource
2022-01-05 22:38:18,515 [Worker-50: Building] WARN  o.e.m.c.i.embedder.EclipseLogger - Using platform encoding (utf-8 actually) to copy filtered resources, i.e. build is platform dependent!
2022-01-05 22:38:18,527 [Worker-50: Building] INFO  o.e.m.c.i.embedder.EclipseLogger - Copying 0 resource
2022-01-05 22:39:26,883 [Worker-45: Building] WARN  o.e.m.c.i.embedder.EclipseLogger - Using platform encoding (utf-8 actually) to copy filtered resources, i.e. build is platform dependent!
2022-01-05 22:39:26,887 [Worker-45: Building] INFO  o.e.m.c.i.embedder.EclipseLogger - Copying 0 resource
2022-01-05 22:39:26,890 [Worker-45: Building] WARN  o.e.m.c.i.embedder.EclipseLogger - Using platform encoding (utf-8 actually) to copy filtered resources, i.e. build is platform dependent!
2022-01-05 22:39:26,894 [Worker-45: Building] INFO  o.e.m.c.i.embedder.EclipseLogger - Copying 0 resource
2022-01-05 22:39:58,333 [Worker-45: Building] WARN  o.e.m.c.i.embedder.EclipseLogger - Using platform encoding (utf-8 actually) to copy filtered resources, i.e. build is platform dependent!
2022-01-05 22:39:58,336 [Worker-45: Building] INFO  o.e.m.c.i.embedder.EclipseLogger - Copying 0 resource
2022-01-05 22:39:58,339 [Worker-45: Building] WARN  o.e.m.c.i.embedder.EclipseLogger - Using platform encoding (utf-8 actually) to copy filtered resources, i.e. build is platform dependent!
2022-01-05 22:39:58,342 [Worker-45: Building] INFO  o.e.m.c.i.embedder.EclipseLogger - Copying 0 resource
2022-01-05 22:40:02,026 [Worker-52: Building] WARN  o.e.m.c.i.embedder.EclipseLogger - Using platform encoding (utf-8 actually) to copy filtered resources, i.e. build is platform dependent!
2022-01-05 22:40:02,028 [Worker-52: Building] INFO  o.e.m.c.i.embedder.EclipseLogger - Copying 0 resource
2022-01-05 22:40:02,030 [Worker-52: Building] WARN  o.e.m.c.i.embedder.EclipseLogger - Using platform encoding (utf-8 actually) to copy filtered resources, i.e. build is platform dependent!
2022-01-05 22:40:02,033 [Worker-52: Building] INFO  o.e.m.c.i.embedder.EclipseLogger - Copying 0 resource
2022-01-05 22:40:09,519 [Worker-51: Building] WARN  o.e.m.c.i.embedder.EclipseLogger - Using platform encoding (utf-8 actually) to copy filtered resources, i.e. build is platform dependent!
2022-01-05 22:40:09,523 [Worker-51: Building] INFO  o.e.m.c.i.embedder.EclipseLogger - Copying 0 resource
2022-01-05 22:40:09,527 [Worker-51: Building] WARN  o.e.m.c.i.embedder.EclipseLogger - Using platform encoding (utf-8 actually) to copy filtered resources, i.e. build is platform dependent!
2022-01-05 22:40:09,530 [Worker-51: Building] INFO  o.e.m.c.i.embedder.EclipseLogger - Copying 0 resource
2022-01-05 22:41:34,050 [Worker-50: Building] WARN  o.e.m.c.i.embedder.EclipseLogger - Using platform encoding (utf-8 actually) to copy filtered resources, i.e. build is platform dependent!
2022-01-05 22:41:34,054 [Worker-50: Building] INFO  o.e.m.c.i.embedder.EclipseLogger - Copying 0 resource
2022-01-05 22:41:34,056 [Worker-50: Building] WARN  o.e.m.c.i.embedder.EclipseLogger - Using platform encoding (utf-8 actually) to copy filtered resources, i.e. build is platform dependent!
2022-01-05 22:41:34,060 [Worker-50: Building] INFO  o.e.m.c.i.embedder.EclipseLogger - Copying 0 resource
2022-01-05 22:41:38,051 [Worker-36: Building] WARN  o.e.m.c.i.embedder.EclipseLogger - Using platform encoding (utf-8 actually) to copy filtered resources, i.e. build is platform dependent!
2022-01-05 22:41:38,055 [Worker-36: Building] INFO  o.e.m.c.i.embedder.EclipseLogger - Copying 0 resource
2022-01-05 22:41:38,056 [Worker-36: Building] WARN  o.e.m.c.i.embedder.EclipseLogger - Using platform encoding (utf-8 actually) to copy filtered resources, i.e. build is platform dependent!
2022-01-05 22:41:38,059 [Worker-36: Building] INFO  o.e.m.c.i.embedder.EclipseLogger - Copying 0 resource
2022-01-05 22:41:50,559 [Worker-42: Building] WARN  o.e.m.c.i.embedder.EclipseLogger - Using platform encoding (utf-8 actually) to copy filtered resources, i.e. build is platform dependent!
2022-01-05 22:41:50,564 [Worker-42: Building] INFO  o.e.m.c.i.embedder.EclipseLogger - Copying 0 resource
2022-01-05 22:41:50,567 [Worker-42: Building] WARN  o.e.m.c.i.embedder.EclipseLogger - Using platform encoding (utf-8 actually) to copy filtered resources, i.e. build is platform dependent!
2022-01-05 22:41:50,572 [Worker-42: Building] INFO  o.e.m.c.i.embedder.EclipseLogger - Copying 0 resource
2022-01-05 22:41:56,543 [Worker-46: Building] WARN  o.e.m.c.i.embedder.EclipseLogger - Using platform encoding (utf-8 actually) to copy filtered resources, i.e. build is platform dependent!
2022-01-05 22:41:56,548 [Worker-46: Building] INFO  o.e.m.c.i.embedder.EclipseLogger - Copying 0 resource
2022-01-05 22:41:56,550 [Worker-46: Building] WARN  o.e.m.c.i.embedder.EclipseLogger - Using platform encoding (utf-8 actually) to copy filtered resources, i.e. build is platform dependent!
2022-01-05 22:41:56,554 [Worker-46: Building] INFO  o.e.m.c.i.embedder.EclipseLogger - Copying 0 resource
2022-01-05 22:42:35,633 [Worker-54: Building] WARN  o.e.m.c.i.embedder.EclipseLogger - Using platform encoding (utf-8 actually) to copy filtered resources, i.e. build is platform dependent!
2022-01-05 22:42:35,636 [Worker-54: Building] INFO  o.e.m.c.i.embedder.EclipseLogger - Copying 0 resource
2022-01-05 22:42:35,639 [Worker-54: Building] WARN  o.e.m.c.i.embedder.EclipseLogger - Using platform encoding (utf-8 actually) to copy filtered resources, i.e. build is platform dependent!
2022-01-05 22:42:35,643 [Worker-54: Building] INFO  o.e.m.c.i.embedder.EclipseLogger - Copying 0 resource
2022-01-05 22:42:38,591 [Worker-45: Building] WARN  o.e.m.c.i.embedder.EclipseLogger - Using platform encoding (utf-8 actually) to copy filtered resources, i.e. build is platform dependent!
2022-01-05 22:42:38,593 [Worker-45: Building] INFO  o.e.m.c.i.embedder.EclipseLogger - Copying 0 resource
2022-01-05 22:42:38,595 [Worker-45: Building] WARN  o.e.m.c.i.embedder.EclipseLogger - Using platform encoding (utf-8 actually) to copy filtered resources, i.e. build is platform dependent!
2022-01-05 22:42:38,598 [Worker-45: Building] INFO  o.e.m.c.i.embedder.EclipseLogger - Copying 0 resource
2022-01-05 22:46:02,163 [Worker-52: Building] WARN  o.e.m.c.i.embedder.EclipseLogger - Using platform encoding (utf-8 actually) to copy filtered resources, i.e. build is platform dependent!
2022-01-05 22:46:02,166 [Worker-52: Building] INFO  o.e.m.c.i.embedder.EclipseLogger - Copying 0 resource
2022-01-05 22:46:02,169 [Worker-52: Building] WARN  o.e.m.c.i.embedder.EclipseLogger - Using platform encoding (utf-8 actually) to copy filtered resources, i.e. build is platform dependent!
2022-01-05 22:46:02,174 [Worker-52: Building] INFO  o.e.m.c.i.embedder.EclipseLogger - Copying 0 resource
2022-01-05 22:49:29,070 [Worker-42: Building] WARN  o.e.m.c.i.embedder.EclipseLogger - Using platform encoding (utf-8 actually) to copy filtered resources, i.e. build is platform dependent!
2022-01-05 22:49:29,085 [Worker-42: Building] INFO  o.e.m.c.i.embedder.EclipseLogger - Copying 0 resource
2022-01-05 22:49:29,097 [Worker-42: Building] WARN  o.e.m.c.i.embedder.EclipseLogger - Using platform encoding (utf-8 actually) to copy filtered resources, i.e. build is platform dependent!
2022-01-05 22:49:29,118 [Worker-42: Building] INFO  o.e.m.c.i.embedder.EclipseLogger - Copying 0 resource
2022-01-05 22:50:04,561 [Worker-36: Building] WARN  o.e.m.c.i.embedder.EclipseLogger - Using platform encoding (utf-8 actually) to copy filtered resources, i.e. build is platform dependent!
2022-01-05 22:50:04,563 [Worker-36: Building] INFO  o.e.m.c.i.embedder.EclipseLogger - Copying 0 resource
2022-01-05 22:50:04,566 [Worker-36: Building] WARN  o.e.m.c.i.embedder.EclipseLogger - Using platform encoding (utf-8 actually) to copy filtered resources, i.e. build is platform dependent!
2022-01-05 22:50:04,569 [Worker-36: Building] INFO  o.e.m.c.i.embedder.EclipseLogger - Copying 0 resource
2022-01-05 22:50:06,699 [Worker-42: Building] WARN  o.e.m.c.i.embedder.EclipseLogger - Using platform encoding (utf-8 actually) to copy filtered resources, i.e. build is platform dependent!
2022-01-05 22:50:06,700 [Worker-42: Building] INFO  o.e.m.c.i.embedder.EclipseLogger - Copying 0 resource
2022-01-05 22:50:06,702 [Worker-42: Building] WARN  o.e.m.c.i.embedder.EclipseLogger - Using platform encoding (utf-8 actually) to copy filtered resources, i.e. build is platform dependent!
2022-01-05 22:50:06,703 [Worker-42: Building] INFO  o.e.m.c.i.embedder.EclipseLogger - Copying 0 resource
2022-01-05 22:50:37,930 [Worker-54: Building] WARN  o.e.m.c.i.embedder.EclipseLogger - Using platform encoding (utf-8 actually) to copy filtered resources, i.e. build is platform dependent!
2022-01-05 22:50:37,932 [Worker-54: Building] INFO  o.e.m.c.i.embedder.EclipseLogger - Copying 0 resource
2022-01-05 22:50:37,933 [Worker-54: Building] WARN  o.e.m.c.i.embedder.EclipseLogger - Using platform encoding (utf-8 actually) to copy filtered resources, i.e. build is platform dependent!
2022-01-05 22:50:37,936 [Worker-54: Building] INFO  o.e.m.c.i.embedder.EclipseLogger - Copying 0 resource
2022-01-05 22:50:49,109 [Worker-55: Building] WARN  o.e.m.c.i.embedder.EclipseLogger - Using platform encoding (utf-8 actually) to copy filtered resources, i.e. build is platform dependent!
2022-01-05 22:50:49,149 [Worker-55: Building] INFO  o.e.m.c.i.embedder.EclipseLogger - Copying 1 resource
2022-01-05 22:50:49,156 [Worker-55: Building] WARN  o.e.m.c.i.embedder.EclipseLogger - Using platform encoding (utf-8 actually) to copy filtered resources, i.e. build is platform dependent!
2022-01-05 22:50:49,167 [Worker-55: Building] INFO  o.e.m.c.i.embedder.EclipseLogger - Copying 0 resource
2022-01-05 22:52:55,690 [Worker-52: Building] WARN  o.e.m.c.i.embedder.EclipseLogger - Using platform encoding (utf-8 actually) to copy filtered resources, i.e. build is platform dependent!
2022-01-05 22:52:55,693 [Worker-52: Building] INFO  o.e.m.c.i.embedder.EclipseLogger - Copying 0 resource
2022-01-05 22:52:55,696 [Worker-52: Building] WARN  o.e.m.c.i.embedder.EclipseLogger - Using platform encoding (utf-8 actually) to copy filtered resources, i.e. build is platform dependent!
2022-01-05 22:52:55,700 [Worker-52: Building] INFO  o.e.m.c.i.embedder.EclipseLogger - Copying 0 resource
2022-01-05 22:52:58,433 [Worker-57: Building] WARN  o.e.m.c.i.embedder.EclipseLogger - Using platform encoding (utf-8 actually) to copy filtered resources, i.e. build is platform dependent!
2022-01-05 22:52:58,436 [Worker-57: Building] INFO  o.e.m.c.i.embedder.EclipseLogger - Copying 0 resource
2022-01-05 22:52:58,438 [Worker-57: Building] WARN  o.e.m.c.i.embedder.EclipseLogger - Using platform encoding (utf-8 actually) to copy filtered resources, i.e. build is platform dependent!
2022-01-05 22:52:58,441 [Worker-57: Building] INFO  o.e.m.c.i.embedder.EclipseLogger - Copying 0 resource
2022-01-05 22:53:17,196 [Worker-56: Building] WARN  o.e.m.c.i.embedder.EclipseLogger - Using platform encoding (utf-8 actually) to copy filtered resources, i.e. build is platform dependent!
2022-01-05 22:53:17,199 [Worker-56: Building] INFO  o.e.m.c.i.embedder.EclipseLogger - Copying 0 resource
2022-01-05 22:53:17,201 [Worker-56: Building] WARN  o.e.m.c.i.embedder.EclipseLogger - Using platform encoding (utf-8 actually) to copy filtered resources, i.e. build is platform dependent!
2022-01-05 22:53:17,204 [Worker-56: Building] INFO  o.e.m.c.i.embedder.EclipseLogger - Copying 0 resource
2022-01-05 22:53:19,232 [Worker-36: Building] WARN  o.e.m.c.i.embedder.EclipseLogger - Using platform encoding (utf-8 actually) to copy filtered resources, i.e. build is platform dependent!
2022-01-05 22:53:19,236 [Worker-36: Building] INFO  o.e.m.c.i.embedder.EclipseLogger - Copying 0 resource
2022-01-05 22:53:19,239 [Worker-36: Building] WARN  o.e.m.c.i.embedder.EclipseLogger - Using platform encoding (utf-8 actually) to copy filtered resources, i.e. build is platform dependent!
2022-01-05 22:53:19,244 [Worker-36: Building] INFO  o.e.m.c.i.embedder.EclipseLogger - Copying 0 resource
2022-01-05 22:54:24,760 [Worker-55: Building] WARN  o.e.m.c.i.embedder.EclipseLogger - Using platform encoding (utf-8 actually) to copy filtered resources, i.e. build is platform dependent!
2022-01-05 22:54:24,766 [Worker-55: Building] INFO  o.e.m.c.i.embedder.EclipseLogger - Copying 1 resource
2022-01-05 22:54:24,769 [Worker-55: Building] WARN  o.e.m.c.i.embedder.EclipseLogger - Using platform encoding (utf-8 actually) to copy filtered resources, i.e. build is platform dependent!
2022-01-05 22:54:24,771 [Worker-55: Building] INFO  o.e.m.c.i.embedder.EclipseLogger - Copying 0 resource
2022-01-05 22:54:30,372 [Worker-52: Building] WARN  o.e.m.c.i.embedder.EclipseLogger - Using platform encoding (utf-8 actually) to copy filtered resources, i.e. build is platform dependent!
2022-01-05 22:54:30,380 [Worker-52: Building] INFO  o.e.m.c.i.embedder.EclipseLogger - Copying 1 resource
2022-01-05 22:54:30,381 [Worker-52: Building] WARN  o.e.m.c.i.embedder.EclipseLogger - Using platform encoding (utf-8 actually) to copy filtered resources, i.e. build is platform dependent!
2022-01-05 22:54:30,384 [Worker-52: Building] INFO  o.e.m.c.i.embedder.EclipseLogger - Copying 0 resource
2022-01-05 22:54:57,244 [Worker-56: Building] WARN  o.e.m.c.i.embedder.EclipseLogger - Using platform encoding (utf-8 actually) to copy filtered resources, i.e. build is platform dependent!
2022-01-05 22:54:57,249 [Worker-56: Building] INFO  o.e.m.c.i.embedder.EclipseLogger - Copying 0 resource
2022-01-05 22:54:57,252 [Worker-56: Building] WARN  o.e.m.c.i.embedder.EclipseLogger - Using platform encoding (utf-8 actually) to copy filtered resources, i.e. build is platform dependent!
2022-01-05 22:54:57,256 [Worker-56: Building] INFO  o.e.m.c.i.embedder.EclipseLogger - Copying 0 resource
2022-01-05 22:55:02,848 [Worker-42: Building] WARN  o.e.m.c.i.embedder.EclipseLogger - Using platform encoding (utf-8 actually) to copy filtered resources, i.e. build is platform dependent!
2022-01-05 22:55:02,852 [Worker-42: Building] INFO  o.e.m.c.i.embedder.EclipseLogger - Copying 0 resource
2022-01-05 22:55:02,856 [Worker-42: Building] WARN  o.e.m.c.i.embedder.EclipseLogger - Using platform encoding (utf-8 actually) to copy filtered resources, i.e. build is platform dependent!
2022-01-05 22:55:02,861 [Worker-42: Building] INFO  o.e.m.c.i.embedder.EclipseLogger - Copying 0 resource
2022-01-05 22:56:49,345 [Worker-42: Building] WARN  o.e.m.c.i.embedder.EclipseLogger - Using platform encoding (utf-8 actually) to copy filtered resources, i.e. build is platform dependent!
2022-01-05 22:56:49,350 [Worker-42: Building] INFO  o.e.m.c.i.embedder.EclipseLogger - Copying 0 resource
2022-01-05 22:56:49,354 [Worker-42: Building] WARN  o.e.m.c.i.embedder.EclipseLogger - Using platform encoding (utf-8 actually) to copy filtered resources, i.e. build is platform dependent!
2022-01-05 22:56:49,358 [Worker-42: Building] INFO  o.e.m.c.i.embedder.EclipseLogger - Copying 0 resource
2022-01-05 22:57:03,819 [Worker-55: Building] WARN  o.e.m.c.i.embedder.EclipseLogger - Using platform encoding (utf-8 actually) to copy filtered resources, i.e. build is platform dependent!
2022-01-05 22:57:03,822 [Worker-55: Building] INFO  o.e.m.c.i.embedder.EclipseLogger - Copying 0 resource
2022-01-05 22:57:03,824 [Worker-55: Building] WARN  o.e.m.c.i.embedder.EclipseLogger - Using platform encoding (utf-8 actually) to copy filtered resources, i.e. build is platform dependent!
2022-01-05 22:57:03,827 [Worker-55: Building] INFO  o.e.m.c.i.embedder.EclipseLogger - Copying 0 resource
2022-01-05 22:59:29,097 [Worker-52: Cleaning all projects] INFO  o.e.m.w.i.f.ResourceFilteringBuildParticipant - Cleaning filtered folder for springProgram
2022-01-05 22:59:29,495 [Worker-36: Building] WARN  o.e.m.c.i.embedder.EclipseLogger - Using platform encoding (utf-8 actually) to copy filtered resources, i.e. build is platform dependent!
2022-01-05 22:59:29,498 [Worker-36: Building] INFO  o.e.m.c.i.embedder.EclipseLogger - Copying 1 resource
2022-01-05 22:59:29,506 [Worker-36: Building] WARN  o.e.m.c.i.embedder.EclipseLogger - Using platform encoding (utf-8 actually) to copy filtered resources, i.e. build is platform dependent!
2022-01-05 22:59:29,509 [Worker-36: Building] INFO  o.e.m.c.i.embedder.EclipseLogger - Copying 1 resource
2022-01-05 22:59:29,515 [Worker-36: Building] INFO  o.e.m.w.i.f.ResourceFilteringBuildParticipant - Changed resources require a complete clean of filtered resources of springProgram
2022-01-05 22:59:29,516 [Worker-36: Building] INFO  o.e.m.w.i.f.ResourceFilteringBuildParticipant - Executing resource filtering for springProgram
2022-01-05 22:59:29,609 [Worker-36: Building] WARN  o.e.m.c.i.embedder.EclipseLogger - Using platform encoding (utf-8 actually) to copy filtered resources, i.e. build is platform dependent!
2022-01-05 23:27:17,565 [Worker-62: Building] WARN  o.e.m.c.i.embedder.EclipseLogger - Using platform encoding (utf-8 actually) to copy filtered resources, i.e. build is platform dependent!
2022-01-05 23:27:17,567 [Worker-62: Building] INFO  o.e.m.c.i.embedder.EclipseLogger - Copying 0 resource
2022-01-05 23:27:17,569 [Worker-62: Building] WARN  o.e.m.c.i.embedder.EclipseLogger - Using platform encoding (utf-8 actually) to copy filtered resources, i.e. build is platform dependent!
2022-01-05 23:27:17,574 [Worker-62: Building] INFO  o.e.m.c.i.embedder.EclipseLogger - Copying 0 resource
2022-01-05 23:30:20,349 [Worker-64: Building] WARN  o.e.m.c.i.embedder.EclipseLogger - Using platform encoding (utf-8 actually) to copy filtered resources, i.e. build is platform dependent!
2022-01-05 23:30:20,354 [Worker-64: Building] INFO  o.e.m.c.i.embedder.EclipseLogger - Copying 1 resource
2022-01-05 23:30:20,357 [Worker-64: Building] WARN  o.e.m.c.i.embedder.EclipseLogger - Using platform encoding (utf-8 actually) to copy filtered resources, i.e. build is platform dependent!
2022-01-05 23:30:20,360 [Worker-64: Building] INFO  o.e.m.c.i.embedder.EclipseLogger - Copying 0 resource
2022-01-05 23:30:39,327 [Worker-65: Building] WARN  o.e.m.c.i.embedder.EclipseLogger - Using platform encoding (utf-8 actually) to copy filtered resources, i.e. build is platform dependent!
2022-01-05 23:30:39,338 [Worker-65: Building] INFO  o.e.m.c.i.embedder.EclipseLogger - Copying 1 resource
2022-01-05 23:30:39,340 [Worker-65: Building] WARN  o.e.m.c.i.embedder.EclipseLogger - Using platform encoding (utf-8 actually) to copy filtered resources, i.e. build is platform dependent!
2022-01-05 23:30:39,345 [Worker-65: Building] INFO  o.e.m.c.i.embedder.EclipseLogger - Copying 0 resource
2022-01-05 23:31:21,193 [Worker-64: Building] WARN  o.e.m.c.i.embedder.EclipseLogger - Using platform encoding (utf-8 actually) to copy filtered resources, i.e. build is platform dependent!
2022-01-05 23:31:21,196 [Worker-64: Building] INFO  o.e.m.c.i.embedder.EclipseLogger - Copying 0 resource
2022-01-05 23:31:21,198 [Worker-64: Building] WARN  o.e.m.c.i.embedder.EclipseLogger - Using platform encoding (utf-8 actually) to copy filtered resources, i.e. build is platform dependent!
2022-01-05 23:31:21,202 [Worker-64: Building] INFO  o.e.m.c.i.embedder.EclipseLogger - Copying 0 resource
2022-01-05 23:32:02,265 [Worker-65: Building] WARN  o.e.m.c.i.embedder.EclipseLogger - Using platform encoding (utf-8 actually) to copy filtered resources, i.e. build is platform dependent!
2022-01-05 23:32:02,268 [Worker-65: Building] INFO  o.e.m.c.i.embedder.EclipseLogger - Copying 0 resource
2022-01-05 23:32:02,269 [Worker-65: Building] WARN  o.e.m.c.i.embedder.EclipseLogger - Using platform encoding (utf-8 actually) to copy filtered resources, i.e. build is platform dependent!
2022-01-05 23:32:02,272 [Worker-65: Building] INFO  o.e.m.c.i.embedder.EclipseLogger - Copying 0 resource
2022-01-05 23:33:03,651 [Worker-65: Building] WARN  o.e.m.c.i.embedder.EclipseLogger - Using platform encoding (utf-8 actually) to copy filtered resources, i.e. build is platform dependent!
2022-01-05 23:33:03,654 [Worker-65: Building] INFO  o.e.m.c.i.embedder.EclipseLogger - Copying 0 resource
2022-01-05 23:33:03,656 [Worker-65: Building] WARN  o.e.m.c.i.embedder.EclipseLogger - Using platform encoding (utf-8 actually) to copy filtered resources, i.e. build is platform dependent!
2022-01-05 23:33:03,660 [Worker-65: Building] INFO  o.e.m.c.i.embedder.EclipseLogger - Copying 0 resource
2022-01-05 23:33:05,717 [Worker-60: Building] WARN  o.e.m.c.i.embedder.EclipseLogger - Using platform encoding (utf-8 actually) to copy filtered resources, i.e. build is platform dependent!
2022-01-05 23:33:05,719 [Worker-60: Building] INFO  o.e.m.c.i.embedder.EclipseLogger - Copying 0 resource
2022-01-05 23:33:05,722 [Worker-60: Building] WARN  o.e.m.c.i.embedder.EclipseLogger - Using platform encoding (utf-8 actually) to copy filtered resources, i.e. build is platform dependent!
2022-01-05 23:33:05,725 [Worker-60: Building] INFO  o.e.m.c.i.embedder.EclipseLogger - Copying 0 resource
2022-01-05 23:33:45,673 [Worker-60: Building] WARN  o.e.m.c.i.embedder.EclipseLogger - Using platform encoding (utf-8 actually) to copy filtered resources, i.e. build is platform dependent!
2022-01-05 23:33:45,676 [Worker-60: Building] INFO  o.e.m.c.i.embedder.EclipseLogger - Copying 0 resource
2022-01-05 23:33:45,678 [Worker-60: Building] WARN  o.e.m.c.i.embedder.EclipseLogger - Using platform encoding (utf-8 actually) to copy filtered resources, i.e. build is platform dependent!
2022-01-05 23:33:45,681 [Worker-60: Building] INFO  o.e.m.c.i.embedder.EclipseLogger - Copying 0 resource
2022-01-05 23:34:01,664 [Worker-65: Building] WARN  o.e.m.c.i.embedder.EclipseLogger - Using platform encoding (utf-8 actually) to copy filtered resources, i.e. build is platform dependent!
2022-01-05 23:34:01,667 [Worker-65: Building] INFO  o.e.m.c.i.embedder.EclipseLogger - Copying 0 resource
2022-01-05 23:34:01,668 [Worker-65: Building] WARN  o.e.m.c.i.embedder.EclipseLogger - Using platform encoding (utf-8 actually) to copy filtered resources, i.e. build is platform dependent!
2022-01-05 23:34:01,671 [Worker-65: Building] INFO  o.e.m.c.i.embedder.EclipseLogger - Copying 0 resource
2022-01-05 23:34:06,874 [Worker-64: Building] WARN  o.e.m.c.i.embedder.EclipseLogger - Using platform encoding (utf-8 actually) to copy filtered resources, i.e. build is platform dependent!
2022-01-05 23:34:06,878 [Worker-64: Building] INFO  o.e.m.c.i.embedder.EclipseLogger - Copying 0 resource
2022-01-05 23:34:06,881 [Worker-64: Building] WARN  o.e.m.c.i.embedder.EclipseLogger - Using platform encoding (utf-8 actually) to copy filtered resources, i.e. build is platform dependent!
2022-01-05 23:34:06,886 [Worker-64: Building] INFO  o.e.m.c.i.embedder.EclipseLogger - Copying 0 resource
2022-01-05 23:34:50,437 [Worker-60: Building] WARN  o.e.m.c.i.embedder.EclipseLogger - Using platform encoding (utf-8 actually) to copy filtered resources, i.e. build is platform dependent!
2022-01-05 23:34:50,440 [Worker-60: Building] INFO  o.e.m.c.i.embedder.EclipseLogger - Copying 0 resource
2022-01-05 23:34:50,443 [Worker-60: Building] WARN  o.e.m.c.i.embedder.EclipseLogger - Using platform encoding (utf-8 actually) to copy filtered resources, i.e. build is platform dependent!
2022-01-05 23:34:50,447 [Worker-60: Building] INFO  o.e.m.c.i.embedder.EclipseLogger - Copying 0 resource
2022-01-05 23:34:56,753 [Worker-63: Building] WARN  o.e.m.c.i.embedder.EclipseLogger - Using platform encoding (utf-8 actually) to copy filtered resources, i.e. build is platform dependent!
2022-01-05 23:34:56,757 [Worker-63: Building] INFO  o.e.m.c.i.embedder.EclipseLogger - Copying 0 resource
2022-01-05 23:34:56,760 [Worker-63: Building] WARN  o.e.m.c.i.embedder.EclipseLogger - Using platform encoding (utf-8 actually) to copy filtered resources, i.e. build is platform dependent!
2022-01-05 23:34:56,764 [Worker-63: Building] INFO  o.e.m.c.i.embedder.EclipseLogger - Copying 0 resource
2022-01-05 23:35:01,586 [Worker-66: Building] WARN  o.e.m.c.i.embedder.EclipseLogger - Using platform encoding (utf-8 actually) to copy filtered resources, i.e. build is platform dependent!
2022-01-05 23:35:01,591 [Worker-66: Building] INFO  o.e.m.c.i.embedder.EclipseLogger - Copying 0 resource
2022-01-05 23:35:01,595 [Worker-66: Building] WARN  o.e.m.c.i.embedder.EclipseLogger - Using platform encoding (utf-8 actually) to copy filtered resources, i.e. build is platform dependent!
2022-01-05 23:35:01,600 [Worker-66: Building] INFO  o.e.m.c.i.embedder.EclipseLogger - Copying 0 resource
2022-01-05 23:35:08,612 [Worker-65: Building] WARN  o.e.m.c.i.embedder.EclipseLogger - Using platform encoding (utf-8 actually) to copy filtered resources, i.e. build is platform dependent!
2022-01-05 23:35:08,614 [Worker-65: Building] INFO  o.e.m.c.i.embedder.EclipseLogger - Copying 0 resource
2022-01-05 23:35:08,616 [Worker-65: Building] WARN  o.e.m.c.i.embedder.EclipseLogger - Using platform encoding (utf-8 actually) to copy filtered resources, i.e. build is platform dependent!
2022-01-05 23:35:08,619 [Worker-65: Building] INFO  o.e.m.c.i.embedder.EclipseLogger - Copying 0 resource
2022-01-05 23:35:24,900 [Worker-64: Building] WARN  o.e.m.c.i.embedder.EclipseLogger - Using platform encoding (utf-8 actually) to copy filtered resources, i.e. build is platform dependent!
2022-01-05 23:35:24,904 [Worker-64: Building] INFO  o.e.m.c.i.embedder.EclipseLogger - Copying 0 resource
2022-01-05 23:35:24,908 [Worker-64: Building] WARN  o.e.m.c.i.embedder.EclipseLogger - Using platform encoding (utf-8 actually) to copy filtered resources, i.e. build is platform dependent!
2022-01-05 23:35:24,912 [Worker-64: Building] INFO  o.e.m.c.i.embedder.EclipseLogger - Copying 0 resource
2022-01-05 23:35:26,934 [Worker-63: Building] WARN  o.e.m.c.i.embedder.EclipseLogger - Using platform encoding (utf-8 actually) to copy filtered resources, i.e. build is platform dependent!
2022-01-05 23:35:26,936 [Worker-63: Building] INFO  o.e.m.c.i.embedder.EclipseLogger - Copying 0 resource
2022-01-05 23:35:26,938 [Worker-63: Building] WARN  o.e.m.c.i.embedder.EclipseLogger - Using platform encoding (utf-8 actually) to copy filtered resources, i.e. build is platform dependent!
2022-01-05 23:35:26,940 [Worker-63: Building] INFO  o.e.m.c.i.embedder.EclipseLogger - Copying 0 resource
2022-01-05 23:35:45,749 [Worker-65: Building] WARN  o.e.m.c.i.embedder.EclipseLogger - Using platform encoding (utf-8 actually) to copy filtered resources, i.e. build is platform dependent!
2022-01-05 23:35:45,752 [Worker-65: Building] INFO  o.e.m.c.i.embedder.EclipseLogger - Copying 0 resource
2022-01-05 23:35:45,754 [Worker-65: Building] WARN  o.e.m.c.i.embedder.EclipseLogger - Using platform encoding (utf-8 actually) to copy filtered resources, i.e. build is platform dependent!
2022-01-05 23:35:45,757 [Worker-65: Building] INFO  o.e.m.c.i.embedder.EclipseLogger - Copying 0 resource
2022-01-05 23:35:47,808 [Worker-60: Building] WARN  o.e.m.c.i.embedder.EclipseLogger - Using platform encoding (utf-8 actually) to copy filtered resources, i.e. build is platform dependent!
2022-01-05 23:35:47,821 [Worker-60: Building] INFO  o.e.m.c.i.embedder.EclipseLogger - Copying 0 resource
2022-01-05 23:35:47,828 [Worker-60: Building] WARN  o.e.m.c.i.embedder.EclipseLogger - Using platform encoding (utf-8 actually) to copy filtered resources, i.e. build is platform dependent!
2022-01-05 23:35:47,835 [Worker-60: Building] INFO  o.e.m.c.i.embedder.EclipseLogger - Copying 0 resource
2022-01-05 23:36:00,058 [Worker-64: Building] WARN  o.e.m.c.i.embedder.EclipseLogger - Using platform encoding (utf-8 actually) to copy filtered resources, i.e. build is platform dependent!
2022-01-05 23:36:00,061 [Worker-64: Building] INFO  o.e.m.c.i.embedder.EclipseLogger - Copying 0 resource
2022-01-05 23:36:00,063 [Worker-64: Building] WARN  o.e.m.c.i.embedder.EclipseLogger - Using platform encoding (utf-8 actually) to copy filtered resources, i.e. build is platform dependent!
2022-01-05 23:36:00,067 [Worker-64: Building] INFO  o.e.m.c.i.embedder.EclipseLogger - Copying 0 resource
2022-01-05 23:39:11,697 [Worker-64: Building] WARN  o.e.m.c.i.embedder.EclipseLogger - Using platform encoding (utf-8 actually) to copy filtered resources, i.e. build is platform dependent!
2022-01-05 23:39:11,703 [Worker-64: Building] INFO  o.e.m.c.i.embedder.EclipseLogger - Copying 1 resource
2022-01-05 23:39:11,705 [Worker-64: Building] WARN  o.e.m.c.i.embedder.EclipseLogger - Using platform encoding (utf-8 actually) to copy filtered resources, i.e. build is platform dependent!
2022-01-05 23:39:11,709 [Worker-64: Building] INFO  o.e.m.c.i.embedder.EclipseLogger - Copying 0 resource
2022-01-05 23:39:21,254 [Worker-69: Building] WARN  o.e.m.c.i.embedder.EclipseLogger - Using platform encoding (utf-8 actually) to copy filtered resources, i.e. build is platform dependent!
2022-01-05 23:39:21,259 [Worker-69: Building] INFO  o.e.m.c.i.embedder.EclipseLogger - Copying 0 resource
2022-01-05 23:39:21,265 [Worker-69: Building] WARN  o.e.m.c.i.embedder.EclipseLogger - Using platform encoding (utf-8 actually) to copy filtered resources, i.e. build is platform dependent!
2022-01-05 23:39:21,270 [Worker-69: Building] INFO  o.e.m.c.i.embedder.EclipseLogger - Copying 0 resource
2022-01-05 23:44:23,998 [Worker-68: Building] WARN  o.e.m.c.i.embedder.EclipseLogger - Using platform encoding (utf-8 actually) to copy filtered resources, i.e. build is platform dependent!
2022-01-05 23:44:24,031 [Worker-68: Building] INFO  o.e.m.c.i.embedder.EclipseLogger - Copying 1 resource
2022-01-05 23:44:24,041 [Worker-68: Building] WARN  o.e.m.c.i.embedder.EclipseLogger - Using platform encoding (utf-8 actually) to copy filtered resources, i.e. build is platform dependent!
2022-01-05 23:44:24,044 [Worker-68: Building] INFO  o.e.m.c.i.embedder.EclipseLogger - Copying 0 resource
2022-01-05 23:44:38,982 [Worker-64: Building] WARN  o.e.m.c.i.embedder.EclipseLogger - Using platform encoding (utf-8 actually) to copy filtered resources, i.e. build is platform dependent!
2022-01-05 23:44:38,996 [Worker-64: Building] INFO  o.e.m.c.i.embedder.EclipseLogger - Copying 1 resource
2022-01-05 23:44:39,001 [Worker-64: Building] WARN  o.e.m.c.i.embedder.EclipseLogger - Using platform encoding (utf-8 actually) to copy filtered resources, i.e. build is platform dependent!
2022-01-05 23:44:39,005 [Worker-64: Building] INFO  o.e.m.c.i.embedder.EclipseLogger - Copying 0 resource
2022-01-05 23:53:40,125 [Worker-70: Building] WARN  o.e.m.c.i.embedder.EclipseLogger - Using platform encoding (utf-8 actually) to copy filtered resources, i.e. build is platform dependent!
2022-01-05 23:53:40,148 [Worker-70: Building] INFO  o.e.m.c.i.embedder.EclipseLogger - Copying 1 resource
2022-01-05 23:53:40,153 [Worker-70: Building] WARN  o.e.m.c.i.embedder.EclipseLogger - Using platform encoding (utf-8 actually) to copy filtered resources, i.e. build is platform dependent!
2022-01-05 23:53:40,163 [Worker-70: Building] INFO  o.e.m.c.i.embedder.EclipseLogger - Copying 0 resource
2022-01-05 23:54:01,665 [Worker-68: Building] WARN  o.e.m.c.i.embedder.EclipseLogger - Using platform encoding (utf-8 actually) to copy filtered resources, i.e. build is platform dependent!
2022-01-05 23:54:01,670 [Worker-68: Building] INFO  o.e.m.c.i.embedder.EclipseLogger - Copying 1 resource
2022-01-05 23:54:01,673 [Worker-68: Building] WARN  o.e.m.c.i.embedder.EclipseLogger - Using platform encoding (utf-8 actually) to copy filtered resources, i.e. build is platform dependent!
2022-01-05 23:54:01,677 [Worker-68: Building] INFO  o.e.m.c.i.embedder.EclipseLogger - Copying 0 resource
2022-01-05 23:55:09,734 [Worker-70: Building] WARN  o.e.m.c.i.embedder.EclipseLogger - Using platform encoding (utf-8 actually) to copy filtered resources, i.e. build is platform dependent!
2022-01-05 23:55:09,742 [Worker-70: Building] INFO  o.e.m.c.i.embedder.EclipseLogger - Copying 1 resource
2022-01-05 23:55:09,744 [Worker-70: Building] WARN  o.e.m.c.i.embedder.EclipseLogger - Using platform encoding (utf-8 actually) to copy filtered resources, i.e. build is platform dependent!
2022-01-05 23:55:09,747 [Worker-70: Building] INFO  o.e.m.c.i.embedder.EclipseLogger - Copying 0 resource
2022-01-05 23:56:15,324 [Worker-54: Building] WARN  o.e.m.c.i.embedder.EclipseLogger - Using platform encoding (utf-8 actually) to copy filtered resources, i.e. build is platform dependent!
2022-01-05 23:56:15,332 [Worker-54: Building] INFO  o.e.m.c.i.embedder.EclipseLogger - Copying 1 resource
2022-01-05 23:56:15,335 [Worker-54: Building] WARN  o.e.m.c.i.embedder.EclipseLogger - Using platform encoding (utf-8 actually) to copy filtered resources, i.e. build is platform dependent!
2022-01-05 23:56:15,338 [Worker-54: Building] INFO  o.e.m.c.i.embedder.EclipseLogger - Copying 0 resource
2022-01-05 23:56:24,383 [Worker-70: Building] WARN  o.e.m.c.i.embedder.EclipseLogger - Using platform encoding (utf-8 actually) to copy filtered resources, i.e. build is platform dependent!
2022-01-05 23:56:24,388 [Worker-70: Building] INFO  o.e.m.c.i.embedder.EclipseLogger - Copying 1 resource
2022-01-05 23:56:24,390 [Worker-70: Building] WARN  o.e.m.c.i.embedder.EclipseLogger - Using platform encoding (utf-8 actually) to copy filtered resources, i.e. build is platform dependent!
2022-01-05 23:56:24,391 [Worker-70: Building] INFO  o.e.m.c.i.embedder.EclipseLogger - Copying 0 resource
2022-01-05 23:57:32,717 [Worker-71: Building] WARN  o.e.m.c.i.embedder.EclipseLogger - Using platform encoding (utf-8 actually) to copy filtered resources, i.e. build is platform dependent!
2022-01-05 23:57:32,727 [Worker-71: Building] INFO  o.e.m.c.i.embedder.EclipseLogger - Copying 1 resource
2022-01-05 23:57:32,730 [Worker-71: Building] WARN  o.e.m.c.i.embedder.EclipseLogger - Using platform encoding (utf-8 actually) to copy filtered resources, i.e. build is platform dependent!
2022-01-05 23:57:32,733 [Worker-71: Building] INFO  o.e.m.c.i.embedder.EclipseLogger - Copying 0 resource
2022-01-05 23:57:54,370 [Worker-68: Building] WARN  o.e.m.c.i.embedder.EclipseLogger - Using platform encoding (utf-8 actually) to copy filtered resources, i.e. build is platform dependent!
2022-01-05 23:57:54,382 [Worker-68: Building] INFO  o.e.m.c.i.embedder.EclipseLogger - Copying 1 resource
2022-01-05 23:57:54,386 [Worker-68: Building] WARN  o.e.m.c.i.embedder.EclipseLogger - Using platform encoding (utf-8 actually) to copy filtered resources, i.e. build is platform dependent!
2022-01-05 23:57:54,390 [Worker-68: Building] INFO  o.e.m.c.i.embedder.EclipseLogger - Copying 0 resource
2022-01-05 23:58:06,239 [Worker-71: Building] WARN  o.e.m.c.i.embedder.EclipseLogger - Using platform encoding (utf-8 actually) to copy filtered resources, i.e. build is platform dependent!
2022-01-05 23:58:06,245 [Worker-71: Building] INFO  o.e.m.c.i.embedder.EclipseLogger - Copying 1 resource
2022-01-05 23:58:06,246 [Worker-71: Building] WARN  o.e.m.c.i.embedder.EclipseLogger - Using platform encoding (utf-8 actually) to copy filtered resources, i.e. build is platform dependent!
2022-01-05 23:58:06,249 [Worker-71: Building] INFO  o.e.m.c.i.embedder.EclipseLogger - Copying 0 resource
2022-01-05 23:58:14,860 [Worker-54: Building] WARN  o.e.m.c.i.embedder.EclipseLogger - Using platform encoding (utf-8 actually) to copy filtered resources, i.e. build is platform dependent!
2022-01-05 23:58:14,868 [Worker-54: Building] INFO  o.e.m.c.i.embedder.EclipseLogger - Copying 1 resource
2022-01-05 23:58:14,870 [Worker-54: Building] WARN  o.e.m.c.i.embedder.EclipseLogger - Using platform encoding (utf-8 actually) to copy filtered resources, i.e. build is platform dependent!
2022-01-05 23:58:14,873 [Worker-54: Building] INFO  o.e.m.c.i.embedder.EclipseLogger - Copying 0 resource
2022-01-05 23:58:37,066 [Worker-68: Building] WARN  o.e.m.c.i.embedder.EclipseLogger - Using platform encoding (utf-8 actually) to copy filtered resources, i.e. build is platform dependent!
2022-01-05 23:58:37,076 [Worker-68: Building] INFO  o.e.m.c.i.embedder.EclipseLogger - Copying 1 resource
2022-01-05 23:58:37,080 [Worker-68: Building] WARN  o.e.m.c.i.embedder.EclipseLogger - Using platform encoding (utf-8 actually) to copy filtered resources, i.e. build is platform dependent!
2022-01-05 23:58:37,086 [Worker-68: Building] INFO  o.e.m.c.i.embedder.EclipseLogger - Copying 0 resource
2022-01-05 23:58:39,489 [Worker-54: Building] WARN  o.e.m.c.i.embedder.EclipseLogger - Using platform encoding (utf-8 actually) to copy filtered resources, i.e. build is platform dependent!
2022-01-05 23:58:39,495 [Worker-54: Building] INFO  o.e.m.c.i.embedder.EclipseLogger - Copying 1 resource
2022-01-05 23:58:39,497 [Worker-54: Building] WARN  o.e.m.c.i.embedder.EclipseLogger - Using platform encoding (utf-8 actually) to copy filtered resources, i.e. build is platform dependent!
2022-01-05 23:58:39,499 [Worker-54: Building] INFO  o.e.m.c.i.embedder.EclipseLogger - Copying 0 resource
2022-01-05 23:58:53,789 [Worker-72: Building] WARN  o.e.m.c.i.embedder.EclipseLogger - Using platform encoding (utf-8 actually) to copy filtered resources, i.e. build is platform dependent!
2022-01-05 23:58:53,796 [Worker-72: Building] INFO  o.e.m.c.i.embedder.EclipseLogger - Copying 1 resource
2022-01-05 23:58:53,798 [Worker-72: Building] WARN  o.e.m.c.i.embedder.EclipseLogger - Using platform encoding (utf-8 actually) to copy filtered resources, i.e. build is platform dependent!
2022-01-05 23:58:53,800 [Worker-72: Building] INFO  o.e.m.c.i.embedder.EclipseLogger - Copying 0 resource
2022-01-06 00:01:57,380 [Worker-70: Building] WARN  o.e.m.c.i.embedder.EclipseLogger - Using platform encoding (utf-8 actually) to copy filtered resources, i.e. build is platform dependent!
2022-01-06 00:01:57,386 [Worker-70: Building] INFO  o.e.m.c.i.embedder.EclipseLogger - Copying 1 resource
2022-01-06 00:01:57,388 [Worker-70: Building] WARN  o.e.m.c.i.embedder.EclipseLogger - Using platform encoding (utf-8 actually) to copy filtered resources, i.e. build is platform dependent!
2022-01-06 00:01:57,390 [Worker-70: Building] INFO  o.e.m.c.i.embedder.EclipseLogger - Copying 0 resource
2022-01-06 00:02:03,559 [Worker-67: Building] WARN  o.e.m.c.i.embedder.EclipseLogger - Using platform encoding (utf-8 actually) to copy filtered resources, i.e. build is platform dependent!
2022-01-06 00:02:03,567 [Worker-67: Building] INFO  o.e.m.c.i.embedder.EclipseLogger - Copying 1 resource
2022-01-06 00:02:03,569 [Worker-67: Building] WARN  o.e.m.c.i.embedder.EclipseLogger - Using platform encoding (utf-8 actually) to copy filtered resources, i.e. build is platform dependent!
2022-01-06 00:02:03,573 [Worker-67: Building] INFO  o.e.m.c.i.embedder.EclipseLogger - Copying 0 resource
2022-01-06 00:02:11,775 [Worker-54: Building] WARN  o.e.m.c.i.embedder.EclipseLogger - Using platform encoding (utf-8 actually) to copy filtered resources, i.e. build is platform dependent!
2022-01-06 00:02:11,780 [Worker-54: Building] INFO  o.e.m.c.i.embedder.EclipseLogger - Copying 1 resource
2022-01-06 00:02:11,783 [Worker-54: Building] WARN  o.e.m.c.i.embedder.EclipseLogger - Using platform encoding (utf-8 actually) to copy filtered resources, i.e. build is platform dependent!
2022-01-06 00:02:11,788 [Worker-54: Building] INFO  o.e.m.c.i.embedder.EclipseLogger - Copying 0 resource
2022-01-06 00:02:22,170 [Worker-54: Building] WARN  o.e.m.c.i.embedder.EclipseLogger - Using platform encoding (utf-8 actually) to copy filtered resources, i.e. build is platform dependent!
2022-01-06 00:02:22,177 [Worker-54: Building] INFO  o.e.m.c.i.embedder.EclipseLogger - Copying 1 resource
2022-01-06 00:02:22,178 [Worker-54: Building] WARN  o.e.m.c.i.embedder.EclipseLogger - Using platform encoding (utf-8 actually) to copy filtered resources, i.e. build is platform dependent!
2022-01-06 00:02:22,181 [Worker-54: Building] INFO  o.e.m.c.i.embedder.EclipseLogger - Copying 0 resource
2022-01-06 00:04:22,293 [Worker-72: Building] WARN  o.e.m.c.i.embedder.EclipseLogger - Using platform encoding (utf-8 actually) to copy filtered resources, i.e. build is platform dependent!
2022-01-06 00:04:22,326 [Worker-72: Building] INFO  o.e.m.c.i.embedder.EclipseLogger - Copying 0 resource
2022-01-06 00:04:22,330 [Worker-72: Building] WARN  o.e.m.c.i.embedder.EclipseLogger - Using platform encoding (utf-8 actually) to copy filtered resources, i.e. build is platform dependent!
2022-01-06 00:04:22,339 [Worker-72: Building] INFO  o.e.m.c.i.embedder.EclipseLogger - Copying 0 resource
2022-01-06 00:04:53,706 [Worker-52: Building] WARN  o.e.m.c.i.embedder.EclipseLogger - Using platform encoding (utf-8 actually) to copy filtered resources, i.e. build is platform dependent!
2022-01-06 00:04:53,708 [Worker-52: Building] INFO  o.e.m.c.i.embedder.EclipseLogger - Copying 0 resource
2022-01-06 00:04:53,710 [Worker-52: Building] WARN  o.e.m.c.i.embedder.EclipseLogger - Using platform encoding (utf-8 actually) to copy filtered resources, i.e. build is platform dependent!
2022-01-06 00:04:53,713 [Worker-52: Building] INFO  o.e.m.c.i.embedder.EclipseLogger - Copying 0 resource
2022-01-06 00:05:24,037 [Worker-70: Building] WARN  o.e.m.c.i.embedder.EclipseLogger - Using platform encoding (utf-8 actually) to copy filtered resources, i.e. build is platform dependent!
2022-01-06 00:05:24,040 [Worker-70: Building] INFO  o.e.m.c.i.embedder.EclipseLogger - Copying 0 resource
2022-01-06 00:05:24,043 [Worker-70: Building] WARN  o.e.m.c.i.embedder.EclipseLogger - Using platform encoding (utf-8 actually) to copy filtered resources, i.e. build is platform dependent!
2022-01-06 00:05:24,046 [Worker-70: Building] INFO  o.e.m.c.i.embedder.EclipseLogger - Copying 0 resource
2022-01-06 00:05:26,133 [Worker-54: Building] WARN  o.e.m.c.i.embedder.EclipseLogger - Using platform encoding (utf-8 actually) to copy filtered resources, i.e. build is platform dependent!
2022-01-06 00:05:26,138 [Worker-54: Building] INFO  o.e.m.c.i.embedder.EclipseLogger - Copying 0 resource
2022-01-06 00:05:26,142 [Worker-54: Building] WARN  o.e.m.c.i.embedder.EclipseLogger - Using platform encoding (utf-8 actually) to copy filtered resources, i.e. build is platform dependent!
2022-01-06 00:05:26,147 [Worker-54: Building] INFO  o.e.m.c.i.embedder.EclipseLogger - Copying 0 resource
2022-01-06 00:05:36,820 [Worker-52: Building] WARN  o.e.m.c.i.embedder.EclipseLogger - Using platform encoding (utf-8 actually) to copy filtered resources, i.e. build is platform dependent!
2022-01-06 00:05:36,823 [Worker-52: Building] INFO  o.e.m.c.i.embedder.EclipseLogger - Copying 0 resource
2022-01-06 00:05:36,825 [Worker-52: Building] WARN  o.e.m.c.i.embedder.EclipseLogger - Using platform encoding (utf-8 actually) to copy filtered resources, i.e. build is platform dependent!
2022-01-06 00:05:36,827 [Worker-52: Building] INFO  o.e.m.c.i.embedder.EclipseLogger - Copying 0 resource
2022-01-06 00:05:42,477 [Worker-72: Building] WARN  o.e.m.c.i.embedder.EclipseLogger - Using platform encoding (utf-8 actually) to copy filtered resources, i.e. build is platform dependent!
2022-01-06 00:05:42,479 [Worker-72: Building] INFO  o.e.m.c.i.embedder.EclipseLogger - Copying 0 resource
2022-01-06 00:05:42,480 [Worker-72: Building] WARN  o.e.m.c.i.embedder.EclipseLogger - Using platform encoding (utf-8 actually) to copy filtered resources, i.e. build is platform dependent!
2022-01-06 00:05:42,483 [Worker-72: Building] INFO  o.e.m.c.i.embedder.EclipseLogger - Copying 0 resource
2022-01-06 00:06:01,152 [Worker-67: Building] WARN  o.e.m.c.i.embedder.EclipseLogger - Using platform encoding (utf-8 actually) to copy filtered resources, i.e. build is platform dependent!
2022-01-06 00:06:01,155 [Worker-67: Building] INFO  o.e.m.c.i.embedder.EclipseLogger - Copying 0 resource
2022-01-06 00:06:01,158 [Worker-67: Building] WARN  o.e.m.c.i.embedder.EclipseLogger - Using platform encoding (utf-8 actually) to copy filtered resources, i.e. build is platform dependent!
2022-01-06 00:06:01,162 [Worker-67: Building] INFO  o.e.m.c.i.embedder.EclipseLogger - Copying 0 resource
2022-01-06 00:06:08,632 [Worker-68: Building] WARN  o.e.m.c.i.embedder.EclipseLogger - Using platform encoding (utf-8 actually) to copy filtered resources, i.e. build is platform dependent!
2022-01-06 00:06:08,634 [Worker-68: Building] INFO  o.e.m.c.i.embedder.EclipseLogger - Copying 0 resource
2022-01-06 00:06:08,636 [Worker-68: Building] WARN  o.e.m.c.i.embedder.EclipseLogger - Using platform encoding (utf-8 actually) to copy filtered resources, i.e. build is platform dependent!
2022-01-06 00:06:08,639 [Worker-68: Building] INFO  o.e.m.c.i.embedder.EclipseLogger - Copying 0 resource
2022-01-06 00:06:20,065 [Worker-68: Building] WARN  o.e.m.c.i.embedder.EclipseLogger - Using platform encoding (utf-8 actually) to copy filtered resources, i.e. build is platform dependent!
2022-01-06 00:06:20,068 [Worker-68: Building] INFO  o.e.m.c.i.embedder.EclipseLogger - Copying 0 resource
2022-01-06 00:06:20,070 [Worker-68: Building] WARN  o.e.m.c.i.embedder.EclipseLogger - Using platform encoding (utf-8 actually) to copy filtered resources, i.e. build is platform dependent!
2022-01-06 00:06:20,073 [Worker-68: Building] INFO  o.e.m.c.i.embedder.EclipseLogger - Copying 0 resource
2022-01-06 00:07:55,868 [Worker-52: Building] WARN  o.e.m.c.i.embedder.EclipseLogger - Using platform encoding (utf-8 actually) to copy filtered resources, i.e. build is platform dependent!
2022-01-06 00:07:55,872 [Worker-52: Building] INFO  o.e.m.c.i.embedder.EclipseLogger - Copying 0 resource
2022-01-06 00:07:55,875 [Worker-52: Building] WARN  o.e.m.c.i.embedder.EclipseLogger - Using platform encoding (utf-8 actually) to copy filtered resources, i.e. build is platform dependent!
2022-01-06 00:07:55,879 [Worker-52: Building] INFO  o.e.m.c.i.embedder.EclipseLogger - Copying 0 resource
2022-01-06 00:08:22,435 [Worker-68: Building] WARN  o.e.m.c.i.embedder.EclipseLogger - Using platform encoding (utf-8 actually) to copy filtered resources, i.e. build is platform dependent!
2022-01-06 00:08:22,439 [Worker-68: Building] INFO  o.e.m.c.i.embedder.EclipseLogger - Copying 0 resource
2022-01-06 00:08:22,440 [Worker-68: Building] WARN  o.e.m.c.i.embedder.EclipseLogger - Using platform encoding (utf-8 actually) to copy filtered resources, i.e. build is platform dependent!
2022-01-06 00:08:22,444 [Worker-68: Building] INFO  o.e.m.c.i.embedder.EclipseLogger - Copying 0 resource
2022-01-06 00:08:24,475 [Worker-52: Building] WARN  o.e.m.c.i.embedder.EclipseLogger - Using platform encoding (utf-8 actually) to copy filtered resources, i.e. build is platform dependent!
2022-01-06 00:08:24,479 [Worker-52: Building] INFO  o.e.m.c.i.embedder.EclipseLogger - Copying 0 resource
2022-01-06 00:08:24,481 [Worker-52: Building] WARN  o.e.m.c.i.embedder.EclipseLogger - Using platform encoding (utf-8 actually) to copy filtered resources, i.e. build is platform dependent!
2022-01-06 00:08:24,487 [Worker-52: Building] INFO  o.e.m.c.i.embedder.EclipseLogger - Copying 0 resource
2022-01-06 00:09:32,212 [Worker-67: Building] WARN  o.e.m.c.i.embedder.EclipseLogger - Using platform encoding (utf-8 actually) to copy filtered resources, i.e. build is platform dependent!
2022-01-06 00:09:32,219 [Worker-67: Building] INFO  o.e.m.c.i.embedder.EclipseLogger - Copying 1 resource
2022-01-06 00:09:32,222 [Worker-67: Building] WARN  o.e.m.c.i.embedder.EclipseLogger - Using platform encoding (utf-8 actually) to copy filtered resources, i.e. build is platform dependent!
2022-01-06 00:09:32,224 [Worker-67: Building] INFO  o.e.m.c.i.embedder.EclipseLogger - Copying 0 resource
2022-01-06 00:09:43,629 [Worker-54: Building] WARN  o.e.m.c.i.embedder.EclipseLogger - Using platform encoding (utf-8 actually) to copy filtered resources, i.e. build is platform dependent!
2022-01-06 00:09:43,638 [Worker-54: Building] INFO  o.e.m.c.i.embedder.EclipseLogger - Copying 1 resource
2022-01-06 00:09:43,640 [Worker-54: Building] WARN  o.e.m.c.i.embedder.EclipseLogger - Using platform encoding (utf-8 actually) to copy filtered resources, i.e. build is platform dependent!
2022-01-06 00:09:43,643 [Worker-54: Building] INFO  o.e.m.c.i.embedder.EclipseLogger - Copying 0 resource
2022-01-06 00:09:45,874 [Worker-71: Building] WARN  o.e.m.c.i.embedder.EclipseLogger - Using platform encoding (utf-8 actually) to copy filtered resources, i.e. build is platform dependent!
2022-01-06 00:09:45,885 [Worker-71: Building] INFO  o.e.m.c.i.embedder.EclipseLogger - Copying 1 resource
2022-01-06 00:09:45,891 [Worker-71: Building] WARN  o.e.m.c.i.embedder.EclipseLogger - Using platform encoding (utf-8 actually) to copy filtered resources, i.e. build is platform dependent!
2022-01-06 00:09:45,895 [Worker-71: Building] INFO  o.e.m.c.i.embedder.EclipseLogger - Copying 0 resource
2022-01-06 00:10:34,034 [Worker-68: Building] WARN  o.e.m.c.i.embedder.EclipseLogger - Using platform encoding (utf-8 actually) to copy filtered resources, i.e. build is platform dependent!
2022-01-06 00:10:34,039 [Worker-68: Building] INFO  o.e.m.c.i.embedder.EclipseLogger - Copying 1 resource
2022-01-06 00:10:34,041 [Worker-68: Building] WARN  o.e.m.c.i.embedder.EclipseLogger - Using platform encoding (utf-8 actually) to copy filtered resources, i.e. build is platform dependent!
2022-01-06 00:10:34,043 [Worker-68: Building] INFO  o.e.m.c.i.embedder.EclipseLogger - Copying 0 resource
2022-01-06 00:11:45,953 [Worker-52: Building] WARN  o.e.m.c.i.embedder.EclipseLogger - Using platform encoding (utf-8 actually) to copy filtered resources, i.e. build is platform dependent!
2022-01-06 00:11:45,969 [Worker-52: Building] INFO  o.e.m.c.i.embedder.EclipseLogger - Copying 0 resource
2022-01-06 00:11:45,987 [Worker-52: Building] WARN  o.e.m.c.i.embedder.EclipseLogger - Using platform encoding (utf-8 actually) to copy filtered resources, i.e. build is platform dependent!
2022-01-06 00:11:45,994 [Worker-52: Building] INFO  o.e.m.c.i.embedder.EclipseLogger - Copying 0 resource
2022-01-06 00:12:21,889 [Worker-54: Building] WARN  o.e.m.c.i.embedder.EclipseLogger - Using platform encoding (utf-8 actually) to copy filtered resources, i.e. build is platform dependent!
2022-01-06 00:12:21,892 [Worker-54: Building] INFO  o.e.m.c.i.embedder.EclipseLogger - Copying 0 resource
2022-01-06 00:12:21,895 [Worker-54: Building] WARN  o.e.m.c.i.embedder.EclipseLogger - Using platform encoding (utf-8 actually) to copy filtered resources, i.e. build is platform dependent!
2022-01-06 00:12:21,898 [Worker-54: Building] INFO  o.e.m.c.i.embedder.EclipseLogger - Copying 0 resource
2022-01-06 00:12:23,972 [Worker-52: Building] WARN  o.e.m.c.i.embedder.EclipseLogger - Using platform encoding (utf-8 actually) to copy filtered resources, i.e. build is platform dependent!
2022-01-06 00:12:23,982 [Worker-52: Building] INFO  o.e.m.c.i.embedder.EclipseLogger - Copying 0 resource
2022-01-06 00:12:23,985 [Worker-52: Building] WARN  o.e.m.c.i.embedder.EclipseLogger - Using platform encoding (utf-8 actually) to copy filtered resources, i.e. build is platform dependent!
2022-01-06 00:12:23,993 [Worker-52: Building] INFO  o.e.m.c.i.embedder.EclipseLogger - Copying 0 resource
2022-01-06 00:12:25,047 [Worker-52: Building] WARN  o.e.m.c.i.embedder.EclipseLogger - Using platform encoding (utf-8 actually) to copy filtered resources, i.e. build is platform dependent!
2022-01-06 00:12:25,052 [Worker-52: Building] INFO  o.e.m.c.i.embedder.EclipseLogger - Copying 0 resource
2022-01-06 00:12:25,055 [Worker-52: Building] WARN  o.e.m.c.i.embedder.EclipseLogger - Using platform encoding (utf-8 actually) to copy filtered resources, i.e. build is platform dependent!
2022-01-06 00:12:25,091 [Worker-52: Building] INFO  o.e.m.c.i.embedder.EclipseLogger - Copying 0 resource
2022-01-06 00:12:28,947 [Worker-68: Building] WARN  o.e.m.c.i.embedder.EclipseLogger - Using platform encoding (utf-8 actually) to copy filtered resources, i.e. build is platform dependent!
2022-01-06 00:12:28,951 [Worker-68: Building] INFO  o.e.m.c.i.embedder.EclipseLogger - Copying 0 resource
2022-01-06 00:12:28,955 [Worker-68: Building] WARN  o.e.m.c.i.embedder.EclipseLogger - Using platform encoding (utf-8 actually) to copy filtered resources, i.e. build is platform dependent!
2022-01-06 00:12:28,959 [Worker-68: Building] INFO  o.e.m.c.i.embedder.EclipseLogger - Copying 0 resource
2022-01-06 00:12:50,363 [Worker-68: Building] WARN  o.e.m.c.i.embedder.EclipseLogger - Using platform encoding (utf-8 actually) to copy filtered resources, i.e. build is platform dependent!
2022-01-06 00:12:50,368 [Worker-68: Building] INFO  o.e.m.c.i.embedder.EclipseLogger - Copying 0 resource
2022-01-06 00:12:50,372 [Worker-68: Building] WARN  o.e.m.c.i.embedder.EclipseLogger - Using platform encoding (utf-8 actually) to copy filtered resources, i.e. build is platform dependent!
2022-01-06 00:12:50,375 [Worker-68: Building] INFO  o.e.m.c.i.embedder.EclipseLogger - Copying 0 resource
2022-01-06 00:13:09,921 [Worker-54: Building] WARN  o.e.m.c.i.embedder.EclipseLogger - Using platform encoding (utf-8 actually) to copy filtered resources, i.e. build is platform dependent!
2022-01-06 00:13:09,924 [Worker-54: Building] INFO  o.e.m.c.i.embedder.EclipseLogger - Copying 0 resource
2022-01-06 00:13:09,926 [Worker-54: Building] WARN  o.e.m.c.i.embedder.EclipseLogger - Using platform encoding (utf-8 actually) to copy filtered resources, i.e. build is platform dependent!
2022-01-06 00:13:09,930 [Worker-54: Building] INFO  o.e.m.c.i.embedder.EclipseLogger - Copying 0 resource
2022-01-06 00:16:17,325 [Worker-67: Building] WARN  o.e.m.c.i.embedder.EclipseLogger - Using platform encoding (utf-8 actually) to copy filtered resources, i.e. build is platform dependent!
2022-01-06 00:16:17,327 [Worker-67: Building] INFO  o.e.m.c.i.embedder.EclipseLogger - Copying 0 resource
2022-01-06 00:16:17,328 [Worker-67: Building] WARN  o.e.m.c.i.embedder.EclipseLogger - Using platform encoding (utf-8 actually) to copy filtered resources, i.e. build is platform dependent!
2022-01-06 00:16:17,330 [Worker-67: Building] INFO  o.e.m.c.i.embedder.EclipseLogger - Copying 0 resource
2022-01-06 00:16:47,324 [Worker-54: Building] WARN  o.e.m.c.i.embedder.EclipseLogger - Using platform encoding (utf-8 actually) to copy filtered resources, i.e. build is platform dependent!
2022-01-06 00:16:47,327 [Worker-54: Building] INFO  o.e.m.c.i.embedder.EclipseLogger - Copying 0 resource
2022-01-06 00:16:47,329 [Worker-54: Building] WARN  o.e.m.c.i.embedder.EclipseLogger - Using platform encoding (utf-8 actually) to copy filtered resources, i.e. build is platform dependent!
2022-01-06 00:16:47,332 [Worker-54: Building] INFO  o.e.m.c.i.embedder.EclipseLogger - Copying 0 resource
2022-01-06 00:17:09,652 [Worker-73: Building] WARN  o.e.m.c.i.embedder.EclipseLogger - Using platform encoding (utf-8 actually) to copy filtered resources, i.e. build is platform dependent!
2022-01-06 00:17:09,655 [Worker-73: Building] INFO  o.e.m.c.i.embedder.EclipseLogger - Copying 0 resource
2022-01-06 00:17:09,656 [Worker-73: Building] WARN  o.e.m.c.i.embedder.EclipseLogger - Using platform encoding (utf-8 actually) to copy filtered resources, i.e. build is platform dependent!
2022-01-06 00:17:09,658 [Worker-73: Building] INFO  o.e.m.c.i.embedder.EclipseLogger - Copying 0 resource
2022-01-06 00:18:55,203 [Worker-52: Building] WARN  o.e.m.c.i.embedder.EclipseLogger - Using platform encoding (utf-8 actually) to copy filtered resources, i.e. build is platform dependent!
2022-01-06 00:18:55,206 [Worker-52: Building] INFO  o.e.m.c.i.embedder.EclipseLogger - Copying 0 resource
2022-01-06 00:18:55,207 [Worker-52: Building] WARN  o.e.m.c.i.embedder.EclipseLogger - Using platform encoding (utf-8 actually) to copy filtered resources, i.e. build is platform dependent!
2022-01-06 00:18:55,209 [Worker-52: Building] INFO  o.e.m.c.i.embedder.EclipseLogger - Copying 0 resource
2022-01-06 00:19:47,710 [Worker-74: Building] WARN  o.e.m.c.i.embedder.EclipseLogger - Using platform encoding (utf-8 actually) to copy filtered resources, i.e. build is platform dependent!
2022-01-06 00:19:47,712 [Worker-74: Building] INFO  o.e.m.c.i.embedder.EclipseLogger - Copying 0 resource
2022-01-06 00:19:47,714 [Worker-74: Building] WARN  o.e.m.c.i.embedder.EclipseLogger - Using platform encoding (utf-8 actually) to copy filtered resources, i.e. build is platform dependent!
2022-01-06 00:19:47,721 [Worker-74: Building] INFO  o.e.m.c.i.embedder.EclipseLogger - Copying 0 resource
2022-01-06 00:19:58,756 [Worker-54: Building] WARN  o.e.m.c.i.embedder.EclipseLogger - Using platform encoding (utf-8 actually) to copy filtered resources, i.e. build is platform dependent!
2022-01-06 00:19:58,758 [Worker-54: Building] INFO  o.e.m.c.i.embedder.EclipseLogger - Copying 0 resource
2022-01-06 00:19:58,760 [Worker-54: Building] WARN  o.e.m.c.i.embedder.EclipseLogger - Using platform encoding (utf-8 actually) to copy filtered resources, i.e. build is platform dependent!
2022-01-06 00:19:58,768 [Worker-54: Building] INFO  o.e.m.c.i.embedder.EclipseLogger - Copying 0 resource
2022-01-06 00:24:01,543 [Worker-52: Building] WARN  o.e.m.c.i.embedder.EclipseLogger - Using platform encoding (utf-8 actually) to copy filtered resources, i.e. build is platform dependent!
2022-01-06 00:24:01,546 [Worker-52: Building] INFO  o.e.m.c.i.embedder.EclipseLogger - Copying 0 resource
2022-01-06 00:24:01,548 [Worker-52: Building] WARN  o.e.m.c.i.embedder.EclipseLogger - Using platform encoding (utf-8 actually) to copy filtered resources, i.e. build is platform dependent!
2022-01-06 00:24:01,550 [Worker-52: Building] INFO  o.e.m.c.i.embedder.EclipseLogger - Copying 0 resource
2022-01-06 00:28:01,460 [Worker-71: Building] WARN  o.e.m.c.i.embedder.EclipseLogger - Using platform encoding (utf-8 actually) to copy filtered resources, i.e. build is platform dependent!
2022-01-06 00:28:01,463 [Worker-71: Building] INFO  o.e.m.c.i.embedder.EclipseLogger - Copying 0 resource
2022-01-06 00:28:01,466 [Worker-71: Building] WARN  o.e.m.c.i.embedder.EclipseLogger - Using platform encoding (utf-8 actually) to copy filtered resources, i.e. build is platform dependent!
2022-01-06 00:28:01,472 [Worker-71: Building] INFO  o.e.m.c.i.embedder.EclipseLogger - Copying 0 resource
2022-01-06 00:30:06,322 [Worker-77: Building] WARN  o.e.m.c.i.embedder.EclipseLogger - Using platform encoding (utf-8 actually) to copy filtered resources, i.e. build is platform dependent!
2022-01-06 00:30:06,327 [Worker-77: Building] INFO  o.e.m.c.i.embedder.EclipseLogger - Copying 0 resource
2022-01-06 00:30:06,329 [Worker-77: Building] WARN  o.e.m.c.i.embedder.EclipseLogger - Using platform encoding (utf-8 actually) to copy filtered resources, i.e. build is platform dependent!
2022-01-06 00:30:06,332 [Worker-77: Building] INFO  o.e.m.c.i.embedder.EclipseLogger - Copying 0 resource
2022-01-06 00:33:25,506 [Worker-76: Building] WARN  o.e.m.c.i.embedder.EclipseLogger - Using platform encoding (utf-8 actually) to copy filtered resources, i.e. build is platform dependent!
2022-01-06 00:33:25,509 [Worker-76: Building] INFO  o.e.m.c.i.embedder.EclipseLogger - Copying 0 resource
2022-01-06 00:33:25,510 [Worker-76: Building] WARN  o.e.m.c.i.embedder.EclipseLogger - Using platform encoding (utf-8 actually) to copy filtered resources, i.e. build is platform dependent!
2022-01-06 00:33:25,518 [Worker-76: Building] INFO  o.e.m.c.i.embedder.EclipseLogger - Copying 0 resource
2022-01-06 00:36:11,238 [Worker-79: Building] WARN  o.e.m.c.i.embedder.EclipseLogger - Using platform encoding (utf-8 actually) to copy filtered resources, i.e. build is platform dependent!
2022-01-06 00:36:11,242 [Worker-79: Building] INFO  o.e.m.c.i.embedder.EclipseLogger - Copying 0 resource
2022-01-06 00:36:11,245 [Worker-79: Building] WARN  o.e.m.c.i.embedder.EclipseLogger - Using platform encoding (utf-8 actually) to copy filtered resources, i.e. build is platform dependent!
2022-01-06 00:36:11,249 [Worker-79: Building] INFO  o.e.m.c.i.embedder.EclipseLogger - Copying 0 resource
2022-01-06 00:38:00,093 [Worker-80: Building] WARN  o.e.m.c.i.embedder.EclipseLogger - Using platform encoding (utf-8 actually) to copy filtered resources, i.e. build is platform dependent!
2022-01-06 00:38:00,096 [Worker-80: Building] INFO  o.e.m.c.i.embedder.EclipseLogger - Copying 0 resource
2022-01-06 00:38:00,099 [Worker-80: Building] WARN  o.e.m.c.i.embedder.EclipseLogger - Using platform encoding (utf-8 actually) to copy filtered resources, i.e. build is platform dependent!
2022-01-06 00:38:00,107 [Worker-80: Building] INFO  o.e.m.c.i.embedder.EclipseLogger - Copying 0 resource
2022-01-06 00:38:03,282 [Worker-81: Building] WARN  o.e.m.c.i.embedder.EclipseLogger - Using platform encoding (utf-8 actually) to copy filtered resources, i.e. build is platform dependent!
2022-01-06 00:38:03,287 [Worker-81: Building] INFO  o.e.m.c.i.embedder.EclipseLogger - Copying 0 resource
2022-01-06 00:38:03,290 [Worker-81: Building] WARN  o.e.m.c.i.embedder.EclipseLogger - Using platform encoding (utf-8 actually) to copy filtered resources, i.e. build is platform dependent!
2022-01-06 00:38:03,294 [Worker-81: Building] INFO  o.e.m.c.i.embedder.EclipseLogger - Copying 0 resource
2022-01-06 00:38:05,771 [Worker-82: Building] WARN  o.e.m.c.i.embedder.EclipseLogger - Using platform encoding (utf-8 actually) to copy filtered resources, i.e. build is platform dependent!
2022-01-06 00:38:05,774 [Worker-82: Building] INFO  o.e.m.c.i.embedder.EclipseLogger - Copying 0 resource
2022-01-06 00:38:05,776 [Worker-82: Building] WARN  o.e.m.c.i.embedder.EclipseLogger - Using platform encoding (utf-8 actually) to copy filtered resources, i.e. build is platform dependent!
2022-01-06 00:38:05,778 [Worker-82: Building] INFO  o.e.m.c.i.embedder.EclipseLogger - Copying 0 resource
2022-01-06 00:38:07,934 [Worker-76: Building] WARN  o.e.m.c.i.embedder.EclipseLogger - Using platform encoding (utf-8 actually) to copy filtered resources, i.e. build is platform dependent!
2022-01-06 00:38:07,937 [Worker-76: Building] INFO  o.e.m.c.i.embedder.EclipseLogger - Copying 0 resource
2022-01-06 00:38:07,939 [Worker-76: Building] WARN  o.e.m.c.i.embedder.EclipseLogger - Using platform encoding (utf-8 actually) to copy filtered resources, i.e. build is platform dependent!
2022-01-06 00:38:07,942 [Worker-76: Building] INFO  o.e.m.c.i.embedder.EclipseLogger - Copying 0 resource
